\BOOKMARK [1][-]{section.1}{\376\377\000E\000v\000e\000n\000t\000o\000s\000\040\000P\000r\000e\000c\000u\000r\000s\000o\000r\000e\000s\000\040\000E\000A\000S\000A}{}% 1
\BOOKMARK [2][-]{subsection.1.1}{\376\377\000R\000E\000\040\000-\000\040\000R\000u\000n\000w\000a\000y\000\040\000E\000x\000c\000u\000r\000s\000i\000o\000n}{section.1}% 2
\BOOKMARK [3][-]{section*.3}{\376\377\000C\000a\000t\000e\000g\000o\000r\000\355\000a\000:\000\040\000N\000o\000\040\000L\000i\000f\000t\000\040\000O\000f\000f}{subsection.1.1}% 3
\BOOKMARK [3][-]{subsubsection.1.1.1}{\376\377\0003\0008\0000\0004\000\040\000-\000\040\000L\000o\000n\000g\000\040\000R\000o\000t\000a\000t\000i\000o\000n\000\040\000D\000i\000s\000t\000a\000n\000c\000e}{subsection.1.1}% 4
\BOOKMARK [3][-]{section*.4}{\376\377\000C\000a\000t\000e\000g\000o\000r\000\355\000a\000:\000\040\000S\000l\000o\000w\000\040\000R\000o\000t\000a\000t\000i\000o\000n}{subsection.1.1}% 5
\BOOKMARK [3][-]{subsubsection.1.1.2}{\376\377\0004\0000\0000\0005\000\040\000-\000\040\000E\000x\000c\000e\000s\000s\000i\000v\000e\000\040\000t\000i\000m\000e\000\040\000b\000e\000t\000w\000e\000e\000n\000\040\000N\000o\000s\000e\000\040\000G\000e\000a\000r\000\040\000a\000n\000d\000\040\000M\000a\000i\000n\000\040\000G\000e\000a\000r\000\040\000L\000i\000f\000t\000-\000o\000f\000f}{subsection.1.1}% 6
\BOOKMARK [3][-]{subsubsection.1.1.3}{\376\377\0004\0000\0000\0009\000\040\000-\000\040\000L\000o\000n\000g\000\040\000T\000i\000m\000e\000\040\000d\000u\000r\000i\000n\000g\000\040\000L\000i\000f\000t\000o\000f\000f}{subsection.1.1}% 7
\BOOKMARK [3][-]{section*.5}{\376\377\000C\000a\000t\000e\000g\000o\000r\000\355\000a\000:\000\040\000I\000n\000a\000p\000p\000r\000o\000p\000i\000a\000t\000e\000\040\000A\000i\000r\000c\000r\000a\000f\000t\000\040\000C\000o\000n\000f\000i\000g\000u\000r\000a\000t\000i\000o\000n}{subsection.1.1}% 8
\BOOKMARK [3][-]{subsubsection.1.1.4}{\376\377\0004\0000\0000\0006\000\040\000-\000\040\000P\000i\000t\000c\000h\000\040\000T\000r\000i\000m\000\040\000D\000i\000s\000p\000l\000a\000c\000e\000d\000\040\000d\000u\000r\000i\000n\000g\000\040\000t\000a\000k\000e\000o\000f\000f}{subsection.1.1}% 9
\BOOKMARK [3][-]{subsubsection.1.1.5}{\376\377\0004\0000\0000\0007\000\040\000-\000\040\000I\000n\000c\000o\000r\000r\000e\000c\000t\000\040\000t\000a\000k\000e\000\040\000o\000f\000f\000\040\000c\000o\000n\000f\000i\000g\000u\000r\000a\000t\000i\000o\000n}{subsection.1.1}% 10
\BOOKMARK [3][-]{subsubsection.1.1.6}{\376\377\0004\0000\0001\0000\000\040\000-\000\040\000A\000b\000n\000o\000r\000m\000a\000l\000\040\000s\000t\000a\000b\000i\000l\000i\000z\000e\000r\000\040\000t\000r\000i\000m\000\040\000c\000h\000a\000n\000g\000e\000\040\000a\000f\000t\000e\000r\000\040\000t\000a\000k\000e\000-\000o\000f\000f}{subsection.1.1}% 11
\BOOKMARK [3][-]{section*.6}{\376\377\000C\000a\000t\000e\000g\000o\000r\000\355\000a\000:\000\040\000E\000x\000c\000e\000s\000s\000i\000v\000e\000\040\000E\000n\000g\000i\000n\000e\000\040\000P\000o\000w\000e\000r}{subsection.1.1}% 12
\BOOKMARK [3][-]{subsubsection.1.1.7}{\376\377\0004\0000\0001\0001\000\040\000-\000\040\000T\000a\000k\000e\000o\000f\000f\000\040\000p\000o\000w\000e\000r\000\040\000a\000p\000p\000l\000i\000e\000d\000\040\000b\000e\000f\000o\000r\000e\000\040\000r\000u\000n\000w\000a\000y\000\040\000a\000l\000i\000g\000n\000m\000e\000n\000t\000\040}{subsection.1.1}% 13
\BOOKMARK [3][-]{subsubsection.1.1.8}{\376\377\0005\0004\0001\0002\000\040\000-\000\040\000L\000a\000t\000e\000\040\000T\000h\000r\000u\000s\000t\000\040\000R\000e\000d\000u\000c\000t\000i\000o\000n\000\040\000L\000D\000G}{subsection.1.1}% 14
\BOOKMARK [3][-]{subsubsection.1.1.9}{\376\377\0005\0004\0001\0003\000\040\000-\000\040\000T\000h\000r\000u\000s\000t\000\040\000L\000e\000v\000e\000r\000\040\000g\000r\000e\000a\000t\000e\000r\000\040\000t\000h\000a\000n\000\040\000I\000D\000L\000E\000\040\000b\000e\000f\000o\000r\000e\000\040\000T\000o\000u\000c\000h\000D\000o\000w\000n}{subsection.1.1}% 15
\BOOKMARK [3][-]{section*.7}{\376\377\000C\000a\000t\000e\000g\000o\000r\000\355\000a\000:\000\040\000A\000i\000r\000c\000r\000a\000f\000t\000\040\000H\000a\000n\000d\000l\000i\000n\000g}{subsection.1.1}% 16
\BOOKMARK [3][-]{subsubsection.1.1.10}{\376\377\0006\0001\0001\0002\000\040\000-\000\040\000B\000r\000a\000k\000i\000n\000g\000\040\000A\000s\000y\000m\000m\000e\000t\000r\000y\000\040\000d\000u\000r\000i\000n\000g\000\040\000R\000o\000l\000l\000\040\000O\000u\000t}{subsection.1.1}% 17
\BOOKMARK [3][-]{subsubsection.1.1.11}{\376\377\0007\0000\0002\0001\000\040\000-\000\040\000N\000o\000\040\000F\000o\000r\000w\000a\000r\000d\000\040\000P\000i\000t\000c\000h\000\040\000C\000o\000m\000m\000a\000n\000d\000\040\000D\000u\000r\000i\000n\000g\000\040\000T\000a\000k\000e\000o\000f\000f}{subsection.1.1}% 18
\BOOKMARK [3][-]{section*.8}{\376\377\000C\000a\000t\000e\000g\000o\000r\000\355\000a\000:\000\040\000R\000u\000n\000w\000a\000y\000\040\000r\000e\000m\000a\000i\000n\000i\000n\000g\000\040\000a\000f\000t\000e\000r\000\040\000r\000e\000j\000e\000c\000t\000e\000d\000\040\000t\000a\000k\000e\000o\000f\000f}{subsection.1.1}% 19
\BOOKMARK [3][-]{subsubsection.1.1.12}{\376\377\0007\0000\0000\0003\000\040\000-\000\040\000S\000h\000o\000r\000t\000\040\000R\000e\000m\000a\000i\000n\000i\000n\000g\000\040\000D\000i\000s\000t\000a\000n\000c\000e\000\040\000a\000f\000t\000e\000r\000\040\000R\000T\000O}{subsection.1.1}% 20
\BOOKMARK [2][-]{subsection.1.2}{\376\377\000L\000O\000C\000\040\000-\000\040\000L\000o\000s\000s\000\040\000o\000f\000\040\000C\000o\000n\000t\000r\000o\000l\000\040\000I\000n\000-\000F\000l\000i\000g\000h\000t}{section.1}% 21
\BOOKMARK [3][-]{section*.9}{\376\377\000C\000a\000t\000e\000g\000o\000r\000\355\000a\000:\000\040\000A\000d\000v\000e\000r\000s\000e\000\040\000w\000e\000a\000t\000h\000e\000r\000\040\000-\000\040\000T\000a\000i\000l\000w\000i\000n\000d}{subsection.1.2}% 22
\BOOKMARK [3][-]{subsubsection.1.2.1}{\376\377\0001\0002\0003\0000\000\040\000-\000\040\000S\000i\000g\000n\000i\000f\000i\000c\000a\000n\000t\000\040\000T\000a\000i\000l\000\040\000W\000i\000n\000d\000\040\000L\000D\000G}{subsection.1.2}% 23
\BOOKMARK [3][-]{subsubsection.1.2.2}{\376\377\0001\0002\0003\0002\000\040\000-\000\040\000S\000i\000g\000n\000i\000f\000i\000c\000a\000n\000t\000\040\000T\000a\000i\000l\000\040\000W\000i\000n\000d\000\040\000A\000p\000p\000r\000o\000a\000c\000h}{subsection.1.2}% 24
\BOOKMARK [3][-]{subsubsection.1.2.3}{\376\377\0001\0002\0003\0003\000\040\000-\000\040\000S\000i\000g\000n\000i\000f\000i\000c\000a\000n\000t\000\040\000T\000a\000i\000l\000\040\000W\000i\000n\000d\000\040\000D\000e\000s\000c\000e\000n\000d}{subsection.1.2}% 25
\BOOKMARK [3][-]{subsubsection.1.2.4}{\376\377\0007\0000\0004\0000\000\040\000-\000\040\000S\000i\000g\000n\000i\000f\000i\000c\000a\000n\000t\000\040\000T\000a\000i\000l\000\040\000W\000i\000n\000d\000\040\000T\000O}{subsection.1.2}% 26
\BOOKMARK [3][-]{section*.10}{\376\377\000C\000a\000t\000e\000g\000o\000r\000\355\000a\000:\000\040\000A\000d\000v\000e\000r\000s\000e\000\040\000w\000e\000a\000t\000h\000e\000r\000\040\000-\000\040\000C\000r\000o\000s\000s\000w\000i\000n\000d}{subsection.1.2}% 27
\BOOKMARK [3][-]{subsubsection.1.2.5}{\376\377\0001\0002\0003\0004\000\040\000-\000\040\000S\000i\000g\000n\000i\000f\000i\000c\000a\000n\000t\000\040\000C\000r\000o\000s\000s\000\040\000W\000i\000n\000d\000\040\000L\000D\000G}{subsection.1.2}% 28
\BOOKMARK [3][-]{subsubsection.1.2.6}{\376\377\0001\0002\0003\0005\000\040\000-\000\040\000S\000i\000g\000n\000i\000f\000i\000c\000a\000n\000t\000\040\000C\000r\000o\000s\000s\000\040\000W\000i\000n\000d\000\040\000A\000p\000p\000r\000o\000a\000c\000h}{subsection.1.2}% 29
\BOOKMARK [3][-]{subsubsection.1.2.7}{\376\377\0001\0002\0003\0006\000\040\000-\000\040\000S\000i\000g\000n\000i\000f\000i\000c\000a\000n\000t\000\040\000C\000r\000o\000s\000s\000\040\000W\000i\000n\000d\000\040\000T\000O}{subsection.1.2}% 30
\BOOKMARK [3][-]{section*.11}{\376\377\000C\000a\000t\000e\000g\000o\000r\000\355\000a\000:\000\040\000A\000d\000v\000e\000r\000s\000e\000\040\000w\000e\000a\000t\000h\000e\000r\000\040\000-\000\040\000H\000e\000a\000d\000w\000i\000n\000d}{subsection.1.2}% 31
\BOOKMARK [3][-]{subsubsection.1.2.8}{\376\377\0001\0002\0003\0007\000\040\000-\000\040\000S\000i\000g\000n\000i\000f\000i\000c\000a\000n\000t\000\040\000H\000e\000a\000d\000\040\000W\000i\000n\000d\000\040\000L\000D\000G}{subsection.1.2}% 32
\BOOKMARK [3][-]{subsubsection.1.2.9}{\376\377\0001\0002\0003\0008\000\040\000-\000\040\000S\000i\000g\000n\000i\000f\000i\000c\000a\000n\000t\000\040\000H\000e\000a\000d\000\040\000W\000i\000n\000d\000\040\000A\000p\000p\000r\000o\000a\000c\000h}{subsection.1.2}% 33
\BOOKMARK [3][-]{subsubsection.1.2.10}{\376\377\0001\0002\0003\0009\000\040\000-\000\040\000S\000i\000g\000n\000i\000f\000i\000c\000a\000n\000t\000\040\000H\000e\000a\000d\000\040\000W\000i\000n\000d\000\040\000T\000O}{subsection.1.2}% 34
\BOOKMARK [3][-]{section*.12}{\376\377\000C\000a\000t\000e\000g\000o\000r\000\355\000a\000:\000\040\000P\000r\000e\000s\000s\000u\000r\000i\000z\000a\000t\000i\000o\000n\000\040\000S\000y\000s\000t\000e\000m\000\040\000M\000a\000l\000f\000u\000n\000c\000t\000i\000o\000n}{subsection.1.2}% 35
\BOOKMARK [3][-]{subsubsection.1.2.11}{\376\377\0002\0006\0000\0001\000\040\000-\000\040\000E\000x\000c\000e\000s\000s\000\040\000c\000a\000b\000i\000n\000\040\000A\000l\000t\000i\000t\000u\000d\000e\000\040\000d\000u\000r\000i\000n\000g\000\040\000c\000r\000u\000i\000s\000e}{subsection.1.2}% 36
\BOOKMARK [3][-]{subsubsection.1.2.12}{\376\377\0002\0006\0000\0002\000\040\000-\000\040\000E\000x\000c\000e\000s\000s\000\040\000c\000a\000b\000i\000n\000\040\000A\000l\000t\000i\000t\000u\000d\000e\000\040\000d\000u\000r\000i\000n\000g\000\040\000c\000l\000i\000m\000b}{subsection.1.2}% 37
\BOOKMARK [3][-]{section*.13}{\376\377\000C\000a\000t\000e\000g\000o\000r\000\355\000a\000:\000\040\000I\000n\000a\000d\000e\000q\000u\000a\000t\000e\000\040\000A\000i\000r\000c\000r\000a\000f\000t\000\040\000H\000a\000n\000d\000l\000i\000n\000g}{subsection.1.2}% 38
\BOOKMARK [3][-]{subsubsection.1.2.13}{\376\377\0003\0000\0000\0008\000\040\000-\000\040\000H\000i\000g\000h\000\040\000p\000i\000t\000c\000h\000\040\000I\000n\000\040\000F\000l\000i\000g\000h\000t}{subsection.1.2}% 39
\BOOKMARK [3][-]{subsubsection.1.2.14}{\376\377\0003\0001\0000\0001\000\040\000-\000\040\000E\000x\000c\000e\000s\000s\000i\000v\000e\000\040\000P\000i\000t\000c\000h\000\040\000R\000a\000t\000e\000\040\000I\000n\000-\000F\000l\000i\000g\000h\000t}{subsection.1.2}% 40
\BOOKMARK [3][-]{subsubsection.1.2.15}{\376\377\0003\0001\0000\0007\000\040\000-\000\040\000L\000o\000w\000\040\000P\000i\000t\000c\000h\000\040\000I\000n\000\040\000F\000l\000i\000g\000h\000t}{subsection.1.2}% 41
\BOOKMARK [3][-]{subsubsection.1.2.16}{\376\377\0003\0004\0000\0004\000\040\000-\000\040\000E\000x\000c\000e\000s\000s\000i\000v\000e\000\040\000R\000o\000l\000l\000\040\000R\000a\000t\000e\000\040\000I\000n\000-\000F\000l\000i\000g\000h\000t}{subsection.1.2}% 42
\BOOKMARK [3][-]{subsubsection.1.2.17}{\376\377\0003\0004\0000\0005\000\040\000-\000\040\000E\000x\000c\000e\000s\000s\000i\000v\000e\000\040\000B\000a\000n\000k\000\040\000N\000e\000a\000r\000\040\000G\000r\000o\000u\000n\000d\000\040\000D\000u\000r\000i\000n\000g\000\040\000T\000a\000k\000e\000o\000f\000f}{subsection.1.2}% 43
\BOOKMARK [3][-]{section*.14}{\376\377\000C\000a\000t\000e\000g\000o\000r\000\355\000a\000:\000\040\000A\000b\000n\000o\000r\000m\000a\000l\000\040\000F\000l\000i\000g\000h\000t\000\040\000C\000o\000n\000t\000r\000o\000l\000\040\000I\000n\000p\000u\000t\000s}{subsection.1.2}% 44
\BOOKMARK [3][-]{subsubsection.1.2.18}{\376\377\0004\0006\0000\0005\000\040\000-\000\040\000F\000u\000l\000l\000\040\000P\000e\000d\000a\000l\000\040\000I\000n\000p\000u\000t}{subsection.1.2}% 45
\BOOKMARK [3][-]{subsubsection.1.2.19}{\376\377\0004\0006\0000\0009\000\040\000-\000\040\000S\000p\000e\000e\000d\000\040\000B\000r\000a\000k\000e\000s\000\040\000U\000s\000e\000\040\000D\000u\000r\000i\000n\000g\000\040\000C\000l\000i\000m\000b}{subsection.1.2}% 46
\BOOKMARK [3][-]{subsubsection.1.2.20}{\376\377\0007\0000\0002\0003\000\040\000-\000\040\000E\000x\000c\000e\000s\000s\000i\000v\000e\000\040\000S\000i\000d\000e\000s\000t\000i\000c\000k\000\040\000I\000n\000p\000u\000t\000s\000\040\000I\000n\000\040\000F\000l\000i\000g\000h\000t}{subsection.1.2}% 47
\BOOKMARK [2][-]{subsection.1.3}{\376\377\000C\000F\000I\000T\000\040\000-\000\040\000C\000o\000n\000t\000r\000o\000l\000\040\000F\000l\000i\000g\000h\000t\000\040\000i\000n\000t\000o\000\040\000T\000e\000r\000r\000a\000i\000n}{section.1}% 48
\BOOKMARK [3][-]{section*.15}{\376\377\000C\000a\000t\000e\000g\000o\000r\000\355\000a\000:\000\040\000L\000o\000w\000\040\000C\000l\000i\000m\000b\000\040\000G\000r\000a\000d\000i\000e\000n\000t\000\040}{subsection.1.3}% 49
\BOOKMARK [3][-]{subsubsection.1.3.1}{\376\377\0003\0001\0001\0000\000\040\000-\000\040\000L\000o\000w\000\040\000C\000l\000i\000m\000b\000\040\000G\000r\000a\000d\000i\000e\000n\000t}{subsection.1.3}% 50
\BOOKMARK [3][-]{section*.16}{\376\377\000C\000a\000t\000e\000g\000o\000r\000\355\000a\000:\000\040\000I\000n\000a\000d\000e\000q\000u\000a\000t\000e\000\040\000r\000e\000s\000p\000o\000n\000s\000e\000\040\000t\000o\000\040\000W\000i\000n\000d\000s\000h\000e\000a\000r\000\040\000w\000a\000r\000n\000i\000n\000g\000s}{subsection.1.3}% 51
\BOOKMARK [3][-]{subsubsection.1.3.2}{\376\377\0006\0000\0000\0005\000\040\000-\000\040\000W\000i\000n\000d\000s\000h\000e\000a\000r\000\040\000P\000o\000s\000t\000-\000R\000e\000s\000p\000o\000n\000s\000e\000\040\000A\000f\000t\000e\000r\000\040\000T\000a\000k\000e\000-\000O\000f\000f}{subsection.1.3}% 52
\BOOKMARK [3][-]{subsubsection.1.3.3}{\376\377\0006\0000\0000\0006\000\040\000-\000\040\000W\000i\000n\000d\000s\000h\000e\000a\000r\000\040\000P\000o\000s\000t\000-\000R\000e\000s\000p\000o\000n\000s\000e\000\040\000B\000e\000f\000o\000r\000e\000\040\000L\000a\000n\000d\000i\000n\000g}{subsection.1.3}% 53
\BOOKMARK [3][-]{section*.17}{\376\377\000C\000a\000t\000e\000g\000o\000r\000\355\000a\000:\000\040\000F\000l\000i\000g\000h\000t\000\040\000B\000e\000l\000o\000w\000\040\000M\000i\000n\000i\000m\000u\000m\000\040\000S\000e\000c\000t\000o\000r\000\040\000A\000l\000t\000i\000t\000u\000d\000e}{subsection.1.3}% 54
\BOOKMARK [3][-]{subsubsection.1.3.4}{\376\377\0006\0000\0000\0007\000\040\000-\000\040\000I\000n\000s\000u\000f\000f\000i\000c\000i\000e\000n\000t\000\040\000T\000e\000r\000r\000a\000i\000n\000\040\000C\000l\000e\000a\000r\000a\000n\000c\000e}{subsection.1.3}% 55
\BOOKMARK [1][-]{section.2}{\376\377\000E\000v\000e\000n\000t\000o\000s\000\040\000A\000p\000r\000o\000x\000i\000m\000a\000c\000i\000o\000n\000e\000s\000\040\000D\000e\000s\000e\000s\000t\000a\000b\000i\000l\000i\000z\000a\000d\000a\000s}{}% 56
\BOOKMARK [2][-]{subsection.2.1}{\376\377\000S\000p\000e\000e\000d\000\040\000D\000e\000v\000i\000a\000t\000i\000o\000n}{section.2}% 57
\BOOKMARK [3][-]{subsubsection.2.1.1}{\376\377\0001\0000\0002\0002\000\040\000-\000\040\000H\000i\000g\000h\000\040\000S\000p\000e\000e\000d\000\040\000A\000p\000p\000\040\0000\0005\0000\0000\000\040\0000\0002\0000\0000}{subsection.2.1}% 58
\BOOKMARK [3][-]{subsubsection.2.1.2}{\376\377\0001\0000\0002\0004\000\040\000-\000\040\000H\000i\000g\000h\000\040\000S\000p\000e\000e\000d\000\040\000A\000p\000p\000\040\000B\000e\000l\000o\000w\000\040\0000\0002\0000\0000}{subsection.2.1}% 59
\BOOKMARK [3][-]{subsubsection.2.1.3}{\376\377\0001\0000\0003\0002\000\040\000-\000\040\000L\000o\000w\000\040\000S\000p\000e\000e\000d\000\040\000A\000p\000p\000\040\0000\0005\0000\0000\000\040\0000\0002\0000\0000}{subsection.2.1}% 60
\BOOKMARK [3][-]{subsubsection.2.1.4}{\376\377\0001\0001\0005\0002\000\040\000-\000\040\000L\000o\000w\000\040\000S\000p\000e\000e\000d\000\040\000A\000p\000p\000\040\000B\000e\000l\000o\000w\000\040\0000\0002\0000\0000}{subsection.2.1}% 61
\BOOKMARK [2][-]{subsection.2.2}{\376\377\000S\000i\000n\000k\000\040\000R\000a\000t\000e\000\040\000D\000e\000v\000i\000a\000t\000i\000o\000n}{section.2}% 62
\BOOKMARK [3][-]{subsubsection.2.2.1}{\376\377\0001\0004\0000\0004\000\040\000-\000\040\000H\000i\000g\000h\000\040\000R\000a\000t\000e\000\040\000D\000s\000c\000t\000\040\0001\0000\0000\0000\000\040\0000\0005\0000\0000}{subsection.2.2}% 63
\BOOKMARK [3][-]{subsubsection.2.2.2}{\376\377\0001\0004\0000\0005\000\040\000-\000\040\000H\000i\000g\000h\000\040\000R\000a\000t\000e\000\040\000D\000s\000c\000t\000\040\0000\0005\0000\0000\000\040\0000\0002\0000\0000}{subsection.2.2}% 64
\BOOKMARK [3][-]{subsubsection.2.2.3}{\376\377\0001\0004\0000\0006\000\040\000-\000\040\000H\000i\000g\000h\000\040\000R\000a\000t\000e\000\040\000D\000s\000c\000t\000\040\000B\000e\000l\000o\000w\000\040\0002\0000\0000}{subsection.2.2}% 65
\BOOKMARK [2][-]{subsection.2.3}{\376\377\000P\000i\000t\000c\000h\000\040\000D\000e\000v\000i\000a\000t\000i\000o\000n}{section.2}% 66
\BOOKMARK [3][-]{subsubsection.2.3.1}{\376\377\0003\0000\0000\0004\000\040\000-\000\040\000H\000i\000g\000h\000\040\000P\000i\000t\000c\000h\000\040\000d\000u\000r\000i\000n\000g\000\040\000F\000i\000n\000a\000l\000\040\000A\000p\000p\000r\000o\000a\000c\000h\000\040\000b\000e\000t\000w\000e\000e\000n\000\040\0001\0000\0000\0000\000\040\0000\0005\0000\0000\000f\000t}{subsection.2.3}% 67
\BOOKMARK [3][-]{subsubsection.2.3.2}{\376\377\0003\0000\0000\0005\000\040\000-\000\040\000H\000i\000g\000h\000\040\000P\000i\000t\000c\000h\000\040\000d\000u\000r\000i\000n\000g\000\040\000F\000i\000n\000a\000l\000\040\000A\000p\000p\000r\000o\000a\000c\000h\000,\000\040\000b\000e\000t\000w\000e\000e\000n\000\040\0000\0005\0000\0000\000\040\0000\0002\0000\0000}{subsection.2.3}% 68
\BOOKMARK [3][-]{subsubsection.2.3.3}{\376\377\0003\0000\0000\0007\000\040\000-\000\040\000H\000i\000g\000h\000\040\000P\000i\000t\000c\000h\000\040\000d\000u\000r\000i\000n\000g\000\040\000f\000i\000n\000a\000l\000\040\000a\000p\000p\000r\000o\000a\000c\000h\000\040\000b\000e\000l\000o\000w\000\040\0000\0002\0000\0000}{subsection.2.3}% 69
\BOOKMARK [3][-]{subsubsection.2.3.4}{\376\377\0003\0001\0000\0002\000\040\000-\000\040\000L\000o\000w\000\040\000P\000i\000t\000c\000h\000\040\000d\000u\000r\000i\000n\000g\000\040\000F\000i\000n\000a\000l\000\040\000A\000p\000p\000r\000o\000a\000c\000h\000\040\000b\000e\000t\000w\000e\000e\000n\000\040\0001\0000\0000\0000\000\040\0000\0005\0000\0000}{subsection.2.3}% 70
\BOOKMARK [3][-]{subsubsection.2.3.5}{\376\377\0003\0001\0000\0003\000\040\000-\000\040\000L\000o\000w\000\040\000P\000i\000t\000c\000h\000\040\000d\000u\000r\000i\000n\000g\000\040\000F\000i\000n\000a\000l\000\040\000A\000p\000p\000r\000o\000a\000c\000h\000\040\000b\000e\000t\000w\000e\000e\000n\000\040\0000\0005\0000\0000\000\040\0000\0002\0000\0000}{subsection.2.3}% 71
\BOOKMARK [3][-]{subsubsection.2.3.6}{\376\377\0003\0001\0000\0005\000\040\000-\000\040\000L\000o\000w\000\040\000P\000i\000t\000c\000h\000\040\000d\000u\000r\000i\000n\000g\000\040\000F\000i\000n\000a\000l\000\040\000A\000p\000p\000r\000o\000a\000c\000h\000\040\000b\000e\000t\000w\000e\000e\000n\000\040\0000\0002\0000\0000\000\040\0000\0000\0005\0000}{subsection.2.3}% 72
\BOOKMARK [2][-]{subsection.2.4}{\376\377\000R\000o\000l\000l\000\040\000D\000e\000v\000i\000a\000t\000i\000o\000n}{section.2}% 73
\BOOKMARK [3][-]{subsubsection.2.4.1}{\376\377\0003\0004\0000\0008\000\040\000-\000\040\000H\000i\000g\000h\000\040\000R\000o\000l\000l\000\040\0001\0000\0000\0000\000\040\0000\0005\0000\0000}{subsection.2.4}% 74
\BOOKMARK [3][-]{subsubsection.2.4.2}{\376\377\0003\0004\0001\0000\000\040\000-\000\040\000H\000i\000g\000h\000\040\000R\000o\000l\000l\000\040\0000\0005\0000\0000\000\040\0000\0002\0000\0000}{subsection.2.4}% 75
\BOOKMARK [3][-]{subsubsection.2.4.3}{\376\377\0003\0004\0004\0000\000\040\000-\000\040\000H\000i\000g\000h\000\040\000R\000o\000l\000l\000\040\000B\000e\000l\000o\000w\000\040\0000\0002\0000\0000}{subsection.2.4}% 76
\BOOKMARK [2][-]{subsection.2.5}{\376\377\000G\000l\000i\000d\000e\000\040\000D\000e\000v\000i\000a\000t\000i\000o\000n}{section.2}% 77
\BOOKMARK [3][-]{subsubsection.2.5.1}{\376\377\0003\0007\0000\0002\000\040\000-\000\040\000I\000L\000S\000\040\000G\000l\000i\000d\000e\000\040\000D\000e\000v\000\040\000B\000e\000l\000o\000w\000\040\000G\000S\000\040\0001\0000\0000\0000\000\040\0000\0005\0000\0000}{subsection.2.5}% 78
\BOOKMARK [3][-]{subsubsection.2.5.2}{\376\377\0003\0007\0000\0003\000\040\040\023\000\040\000I\000L\000S\000\040\000G\000l\000i\000d\000e\000\040\000D\000e\000v\000\040\000A\000b\000o\000v\000e\000\040\000G\000S\000\040\0001\0000\0000\0000\000\040\0000\0005\0000\0000}{subsection.2.5}% 79
\BOOKMARK [3][-]{subsubsection.2.5.3}{\376\377\0003\0007\0000\0004\000\040\000-\000\040\000I\000L\000S\000\040\000G\000l\000i\000d\000e\000\040\000D\000e\000v\000\040\000b\000e\000l\000o\000w\000\040\000G\000S\000\040\0000\0005\0000\0000\000\040\0000\0002\0000\0000}{subsection.2.5}% 80
\BOOKMARK [3][-]{subsubsection.2.5.4}{\376\377\0003\0007\0000\0005\000\040\000-\000\040\000I\000L\000S\000\040\000G\000l\000i\000d\000e\000\040\000D\000e\000v\000\040\000a\000b\000o\000v\000e\000\040\000G\000S\000\040\0000\0005\0000\0000\000\040\0000\0002\0000\0000}{subsection.2.5}% 81
\BOOKMARK [2][-]{subsection.2.6}{\376\377\000L\000o\000c\000a\000l\000i\000z\000e\000r\000\040\000D\000e\000v\000i\000a\000t\000i\000o\000n}{section.2}% 82
\BOOKMARK [3][-]{subsubsection.2.6.1}{\376\377\0003\0007\0000\0006\000\040\000-\000\040\000I\000L\000S\000\040\000L\000o\000c\000\040\000D\000e\000v\000\040\0001\0000\0000\0000\000\040\0000\0005\0000\0000}{subsection.2.6}% 83
\BOOKMARK [3][-]{subsubsection.2.6.2}{\376\377\0003\0007\0000\0008\000\040\000-\000\040\000I\000L\000S\000\040\000L\000o\000c\000\040\000D\000e\000v\000\040\0000\0005\0000\0000\000\040\0000\0002\0000\0000}{subsection.2.6}% 84
\BOOKMARK [2][-]{subsection.2.7}{\376\377\000T\000r\000a\000j\000e\000c\000t\000o\000r\000y\000\040\000D\000e\000v\000i\000a\000t\000i\000o\000n}{section.2}% 85
\BOOKMARK [3][-]{subsubsection.2.7.1}{\376\377\0003\0007\0001\0005\000\040\000-\000\040\000T\000r\000a\000c\000k\000\040\000D\000e\000v\000i\000a\000t\000i\000o\000n\000\040\000I\000n\000\040\000A\000p\000p\000r\000o\000a\000c\000h\000\040\000B\000e\000l\000o\000w\000\040\0000\0004\0000\0000}{subsection.2.7}% 86
\BOOKMARK [2][-]{subsection.2.8}{\376\377\000C\000o\000n\000f\000i\000g\000u\000r\000a\000t\000i\000o\000n\000\040\000D\000e\000v\000i\000a\000t\000i\000o\000n}{section.2}% 87
\BOOKMARK [3][-]{subsubsection.2.8.1}{\376\377\0004\0000\0000\0002\000\040\000-\000\040\000L\000a\000t\000e\000\040\000S\000e\000t\000t\000i\000n\000g\000\040\000L\000a\000n\000d\000i\000n\000g\000\040\000C\000o\000n\000f}{subsection.2.8}% 88
\BOOKMARK [3][-]{subsubsection.2.8.2}{\376\377\0004\0004\0000\0004\000\040\000-\000\040\000L\000a\000n\000d\000i\000n\000g\000\040\000G\000e\000a\000r\000\040\000E\000x\000t\000e\000n\000s\000i\000o\000n\000\040\000a\000t\000\040\000L\000o\000w\000\040\000A\000l\000t\000i\000t\000u\000d\000e}{subsection.2.8}% 89
\BOOKMARK [3][-]{subsubsection.2.8.3}{\376\377\0004\0006\0000\0002\000\040\000-\000\040\000U\000s\000e\000\040\000o\000f\000\040\000s\000p\000e\000e\000d\000\040\000b\000r\000a\000k\000e\000s\000\040\000b\000e\000l\000o\000w\000\040\0001\0000\0000\0000\000\040\000f\000t}{subsection.2.8}% 90
\BOOKMARK [3][-]{subsubsection.2.8.4}{\376\377\0004\0006\0000\0003\000\040\000-\000\040\000G\000r\000o\000u\000n\000d\000\040\000S\000p\000o\000i\000l\000e\000r\000\040\000L\000e\000v\000e\000r\000\040\000N\000o\000t\000\040\000A\000r\000m\000e\000d\000\040\000F\000i\000n\000a\000l\000\040\000A\000p\000p\000r\000o\000a\000c\000h}{subsection.2.8}% 91
\BOOKMARK [2][-]{subsection.2.9}{\376\377\000G\000e\000n\000e\000r\000a\000l}{section.2}% 92
\BOOKMARK [3][-]{subsubsection.2.9.1}{\376\377\0007\0004\0003\0000\000\040\000-\000\040\000U\000n\000s\000t\000a\000b\000i\000l\000i\000z\000e\000d\000\040\000A\000p\000p\000r\000o\000a\000c\000h}{subsection.2.9}% 93
\BOOKMARK [3][-]{subsubsection.2.9.2}{\376\377\0009\0000\0000\0000\000\040\000-\000\040\000S\000y\000s\000t\000e\000m\000\040\000A\000l\000t\000i\000t\000u\000d\000e\000'\000s\000\040\000P\000a\000r\000a\000m\000e\000t\000e\000r\000s\000\040\000D\000i\000f\000f\000e\000r\000e\000n\000c\000e}{subsection.2.9}% 94
\BOOKMARK [1][-]{section.3}{\376\377\000P\000a\000r\000\341\000m\000e\000t\000r\000o\000s}{}% 95
\BOOKMARK [2][-]{subsection.3.1}{\376\377\000A\000A\000E\000\040\000A\000l\000t\000e\000r\000n\000a\000t\000i\000v\000e}{section.3}% 96
\BOOKMARK [3][-]{subsubsection.3.1.1}{\376\377\000A\000L\000T\000\137\000\137\000A\000A\000E\000\137\000D\000i\000f\000f}{subsection.3.1}% 97
\BOOKMARK [3][-]{subsubsection.3.1.2}{\376\377\000A\000L\000T\000\137\000\137\000A\000A\000E\000\137\000B\000A\000R\000O}{subsection.3.1}% 98
\BOOKMARK [1][-]{section.4}{\376\377\000L\000o\000g\000\040\000d\000e\000\040\000C\000a\000m\000b\000i\000o\000s}{}% 99
\BOOKMARK [2][-]{subsection.4.1}{\376\377\000V\000e\000r\000s\000i\000o\000n\000\040\0001\000.\0001}{section.4}% 100
