This is LuaHBTeX, Version 1.24.0 (MiKTeX 25.12) (format=lualatex 2026.1.10)  15 JAN 2026 16:39
 restricted system commands enabled.
**main.tex
(./main.tex
LaTeX2e <2025-11-01>
L3 programming layer <2025-12-24>
Lua module: luaotfload 2024-12-03 v3.29 Lua based OpenType font support
Lua module: lualibs 2023-07-13 v2.76 ConTeXt Lua standard libraries.
Lua module: lualibs-extended 2023-07-13 v2.76 ConTeXt Lua libraries -- extended 
collection.
luaotfload | conf : Root cache directory is "C:/Users/jpmartinez/AppData/Local/M
iKTeX/luatex-cache/generic/names".
luaotfload | init : Loading fontloader "fontloader-2023-12-28.lua" from kpse-res
olved path "C:/Users/jpmartinez/AppData/Local/Programs/MiKTeX/tex/luatex/luaotfl
oad/fontloader-2023-12-28.lua".
Lua-only attribute luaotfload@noligature = 1
luaotfload | init : Context OpenType loader version 3.134
Inserting `luaotfload.node_processor' in `pre_linebreak_filter'.
Inserting `luaotfload.node_processor' in `hpack_filter'.
Inserting `luaotfload.glyph_stream' in `glyph_stream_provider'.
Inserting `luaotfload.define_font' in `define_font'.
Lua-only attribute luaotfload_color_attribute = 2
luaotfload | conf : Root cache directory is "C:/Users/jpmartinez/AppData/Local/M
iKTeX/luatex-cache/generic/names".
Inserting `luaotfload.harf.strip_prefix' in `find_opentype_file'.
Inserting `luaotfload.harf.strip_prefix' in `find_truetype_file'.
Removing  `luaotfload.glyph_stream' from `glyph_stream_provider'.
Inserting `luaotfload.harf.glyphstream' in `glyph_stream_provider'.
Inserting `luaotfload.harf.finalize_vlist' in `post_linebreak_filter'.
Inserting `luaotfload.harf.finalize_hlist' in `hpack_filter'.
Inserting `luaotfload.cleanup_files' in `wrapup_run'.
Inserting `luaotfload.harf.finalize_unicode' in `finish_pdffile'.
Inserting `luaotfload.glyphinfo' in `glyph_info'.
Lua-only attribute luaotfload.letterspace_done = 3
Inserting `luaotfload.aux.set_sscale_dimens' in `luaotfload.patch_font'.
Inserting `luaotfload.aux.set_font_index' in `luaotfload.patch_font'.
Inserting `luaotfload.aux.patch_cambria_domh' in `luaotfload.patch_font'.
Inserting `luaotfload.aux.fixup_fontdata' in `luaotfload.patch_font_unsafe'.
Inserting `luaotfload.aux.set_capheight' in `luaotfload.patch_font'.
Inserting `luaotfload.aux.set_xheight' in `luaotfload.patch_font'.
Inserting `luaotfload.rewrite_fontname' in `luaotfload.patch_font'.
Inserting `tracingstacklevels' in `input_level_string'. (C:/Users/jpmartinez/Ap
pData/Local/Programs/MiKTeX/tex/latex/base/article.cls
Document Class: article 2025/01/22 v1.4n Standard LaTeX document class
(C:/Users/jpmartinez/AppData/Local/Programs/MiKTeX/tex/latex/base/size11.clo
File: size11.clo 2025/01/22 v1.4n Standard LaTeX file (size option)
luaotfload | db : Font names database loaded from C:/Users/jpmartinez/AppData/Lo
cal/MiKTeX/luatex-cache/generic/names/luaotfload-names.luc.gz)
\c@part=\count273
\c@section=\count274
\c@subsection=\count275
\c@subsubsection=\count276
\c@paragraph=\count277
\c@subparagraph=\count278
\c@figure=\count279
\c@table=\count280
\abovecaptionskip=\skip49
\belowcaptionskip=\skip50
\bibindent=\dimen147
)
(C:/Users/jpmartinez/AppData/Local/Programs/MiKTeX/tex/latex/geometry/geometry.
sty
Package: geometry 2020/01/02 v5.9 Page Geometry

(C:/Users/jpmartinez/AppData/Local/Programs/MiKTeX/tex/latex/graphics/keyval.st
y
Package: keyval 2022/05/29 v1.15 key=value parser (DPC)
\KV@toks@=\toks17
)
(C:/Users/jpmartinez/AppData/Local/Programs/MiKTeX/tex/generic/iftex/ifvtex.sty
Package: ifvtex 2019/10/25 v1.7 ifvtex legacy package. Use iftex instead.
(C:/Users/jpmartinez/AppData/Local/Programs/MiKTeX/tex/generic/iftex/iftex.sty
Package: iftex 2024/12/12 v1.0g TeX engine tests
))
\Gm@cnth=\count281
\Gm@cntv=\count282
\c@Gm@tempcnt=\count283
\Gm@bindingoffset=\dimen148
\Gm@wd@mp=\dimen149
\Gm@odd@mp=\dimen150
\Gm@even@mp=\dimen151
\Gm@layoutwidth=\dimen152
\Gm@layoutheight=\dimen153
\Gm@layouthoffset=\dimen154
\Gm@layoutvoffset=\dimen155
\Gm@dimlist=\toks18

(C:/Users/jpmartinez/AppData/Local/Programs/MiKTeX/tex/latex/geometry/geometry.
cfg))
(C:/Users/jpmartinez/AppData/Local/Programs/MiKTeX/tex/latex/setspace/setspace.
sty
Package: setspace 2022/12/04 v6.7b set line spacing
)
(C:/Users/jpmartinez/AppData/Local/Programs/MiKTeX/tex/latex/graphics/graphicx.
sty
Package: graphicx 2024/12/31 v1.2e Enhanced LaTeX Graphics (DPC,SPQR)

(C:/Users/jpmartinez/AppData/Local/Programs/MiKTeX/tex/latex/graphics/graphics.
sty
Package: graphics 2024/08/06 v1.4g Standard LaTeX Graphics (DPC,SPQR)

(C:/Users/jpmartinez/AppData/Local/Programs/MiKTeX/tex/latex/graphics/trig.sty
Package: trig 2023/12/02 v1.11 sin cos tan (DPC)
)
(C:/Users/jpmartinez/AppData/Local/Programs/MiKTeX/tex/latex/graphics-cfg/graph
ics.cfg
File: graphics.cfg 2016/06/04 v1.11 sample graphics configuration
)
Package graphics Info: Driver file: luatex.def on input line 106.

(C:/Users/jpmartinez/AppData/Local/Programs/MiKTeX/tex/latex/graphics-def/luate
x.def
File: luatex.def 2025/09/29 v1.2f Graphics/color driver for luatex
))
\Gin@req@height=\dimen156
\Gin@req@width=\dimen157
)
(C:/Users/jpmartinez/AppData/Local/Programs/MiKTeX/tex/latex/hyperref/hyperref.
sty
Package: hyperref 2025-07-12 v7.01o Hypertext links for LaTeX

(C:/Users/jpmartinez/AppData/Local/Programs/MiKTeX/tex/latex/kvsetkeys/kvsetkey
s.sty
Package: kvsetkeys 2022-10-05 v1.19 Key value parser (HO)
)
(C:/Users/jpmartinez/AppData/Local/Programs/MiKTeX/tex/generic/kvdefinekeys/kvd
efinekeys.sty
Package: kvdefinekeys 2019-12-19 v1.6 Define keys (HO)
)
(C:/Users/jpmartinez/AppData/Local/Programs/MiKTeX/tex/generic/pdfescape/pdfesc
ape.sty
Package: pdfescape 2019/12/09 v1.15 Implements pdfTeX's escape features (HO)

(C:/Users/jpmartinez/AppData/Local/Programs/MiKTeX/tex/generic/ltxcmds/ltxcmds.
sty
Package: ltxcmds 2023-12-04 v1.26 LaTeX kernel commands for general use (HO)
)
(C:/Users/jpmartinez/AppData/Local/Programs/MiKTeX/tex/generic/pdftexcmds/pdfte
xcmds.sty
Package: pdftexcmds 2020-06-27 v0.33 Utility functions of pdfTeX for LuaTeX (HO
)

(C:/Users/jpmartinez/AppData/Local/Programs/MiKTeX/tex/generic/infwarerr/infwar
err.sty
Package: infwarerr 2019/12/03 v1.5 Providing info/warning/error messages (HO)
)
Package pdftexcmds Info: \pdf@primitive is available.
Package pdftexcmds Info: \pdf@ifprimitive is available.
Package pdftexcmds Info: \pdfdraftmode found.
\pdftexcmds@toks=\toks19
))
(C:/Users/jpmartinez/AppData/Local/Programs/MiKTeX/tex/latex/hycolor/hycolor.st
y
Package: hycolor 2020-01-27 v1.10 Color options for hyperref/bookmark (HO)
)
(C:/Users/jpmartinez/AppData/Local/Programs/MiKTeX/tex/latex/hyperref/nameref.s
ty
Package: nameref 2025-06-21 v2.57 Cross-referencing by name of section

(C:/Users/jpmartinez/AppData/Local/Programs/MiKTeX/tex/latex/refcount/refcount.
sty
Package: refcount 2019/12/15 v3.6 Data extraction from label references (HO)
)
(C:/Users/jpmartinez/AppData/Local/Programs/MiKTeX/tex/generic/gettitlestring/g
ettitlestring.sty
Package: gettitlestring 2019/12/15 v1.6 Cleanup title references (HO)

(C:/Users/jpmartinez/AppData/Local/Programs/MiKTeX/tex/latex/kvoptions/kvoption
s.sty
Package: kvoptions 2022-06-15 v3.15 Key value format for package options (HO)
))
\c@section@level=\count284
)
(C:/Users/jpmartinez/AppData/Local/Programs/MiKTeX/tex/latex/etoolbox/etoolbox.
sty
Package: etoolbox 2025/10/02 v2.5m e-TeX tools for LaTeX (JAW)
\etb@tempcnta=\count285
)
(C:/Users/jpmartinez/AppData/Local/Programs/MiKTeX/tex/generic/stringenc/string
enc.sty
Package: stringenc 2019/11/29 v1.12 Convert strings between diff. encodings (HO
)
)
\@linkdim=\dimen158
\Hy@linkcounter=\count286
\Hy@pagecounter=\count287

(C:/Users/jpmartinez/AppData/Local/Programs/MiKTeX/tex/latex/hyperref/pd1enc.de
f
File: pd1enc.def 2025-07-12 v7.01o Hyperref: PDFDocEncoding definition (HO)
)
(C:/Users/jpmartinez/AppData/Local/Programs/MiKTeX/tex/generic/intcalc/intcalc.
sty
Package: intcalc 2019/12/15 v1.3 Expandable calculations with integers (HO)
)
\Hy@SavedSpaceFactor=\count288

(C:/Users/jpmartinez/AppData/Local/Programs/MiKTeX/tex/latex/hyperref/puenc.def
File: puenc.def 2025-07-12 v7.01o Hyperref: PDF Unicode definition (HO)
)
Package hyperref Info: Option `breaklinks' set `true' on input line 4066.
Package hyperref Info: Option `colorlinks' set `true' on input line 4066.
Package hyperref Info: Hyper figures OFF on input line 4195.
Package hyperref Info: Link nesting OFF on input line 4200.
Package hyperref Info: Hyper index ON on input line 4203.
Package hyperref Info: Plain pages OFF on input line 4210.
Package hyperref Info: Backreferencing OFF on input line 4215.
Package hyperref Info: Implicit mode ON; LaTeX internals redefined.
Package hyperref Info: Bookmarks ON on input line 4462.
\c@Hy@tempcnt=\count289
 (C:/Users/jpmartinez/AppData/Local/Programs/MiKTeX/tex/latex/url/url.sty
\Urlmuskip=\muskip17
Package: url 2013/09/16  ver 3.4  Verb mode for urls, etc.
)
LaTeX Info: Redefining \url on input line 4801.
\XeTeXLinkMargin=\dimen159

(C:/Users/jpmartinez/AppData/Local/Programs/MiKTeX/tex/generic/bitset/bitset.st
y
Package: bitset 2019/12/09 v1.3 Handle bit-vector datatype (HO)

(C:/Users/jpmartinez/AppData/Local/Programs/MiKTeX/tex/generic/bigintcalc/bigin
tcalc.sty
Package: bigintcalc 2019/12/15 v1.5 Expandable calculations on big integers (HO
)
))
\Fld@menulength=\count290
\Field@Width=\dimen160
\Fld@charsize=\dimen161
Package hyperref Info: Hyper figures OFF on input line 6078.
Package hyperref Info: Link nesting OFF on input line 6083.
Package hyperref Info: Hyper index ON on input line 6086.
Package hyperref Info: backreferencing OFF on input line 6093.
Package hyperref Info: Link coloring ON on input line 6096.
Package hyperref Info: Link coloring with OCG OFF on input line 6103.
Package hyperref Info: PDF/A mode OFF on input line 6108.
\Hy@abspage=\count291
\c@Item=\count292
\c@Hfootnote=\count293
)
Package hyperref Info: Driver (autodetected): hluatex.

(C:/Users/jpmartinez/AppData/Local/Programs/MiKTeX/tex/latex/hyperref/hluatex.d
ef
File: hluatex.def 2025-07-12 v7.01o Hyperref driver for luaTeX
\Fld@listcount=\count294
\c@bookmark@seq@number=\count295

(C:/Users/jpmartinez/AppData/Local/Programs/MiKTeX/tex/latex/rerunfilecheck/rer
unfilecheck.sty
Package: rerunfilecheck 2025-06-21 v1.11 Rerun checks for auxiliary files (HO)

(C:/Users/jpmartinez/AppData/Local/Programs/MiKTeX/tex/generic/uniquecounter/un
iquecounter.sty
Package: uniquecounter 2019/12/15 v1.4 Provide unlimited unique counter (HO)
)
Package uniquecounter Info: New unique counter `rerunfilecheck' on input line 2
84.
)
\Hy@SectionHShift=\skip51
)
(C:/Users/jpmartinez/AppData/Local/Programs/MiKTeX/tex/latex/amsmath/amsmath.st
y
Package: amsmath 2025/07/09 v2.17z AMS math features
\@mathmargin=\skip52

For additional information on amsmath, use the `?' option.

(C:/Users/jpmartinez/AppData/Local/Programs/MiKTeX/tex/latex/amsmath/amstext.st
y
Package: amstext 2024/11/17 v2.01 AMS text

(C:/Users/jpmartinez/AppData/Local/Programs/MiKTeX/tex/latex/amsmath/amsgen.sty
File: amsgen.sty 1999/11/30 v2.0 generic functions
\@emptytoks=\toks20
\ex@=\dimen162
))
(C:/Users/jpmartinez/AppData/Local/Programs/MiKTeX/tex/latex/amsmath/amsbsy.sty
Package: amsbsy 1999/11/29 v1.2d Bold Symbols
\pmbraise@=\dimen163
)
(C:/Users/jpmartinez/AppData/Local/Programs/MiKTeX/tex/latex/amsmath/amsopn.sty
Package: amsopn 2022/04/08 v2.04 operator names
)
\inf@bad=\count296
LaTeX Info: Redefining \frac on input line 235.
\uproot@=\count297
\leftroot@=\count298
LaTeX Info: Redefining \overline on input line 398.
LaTeX Info: Redefining \colon on input line 409.
\classnum@=\count299
\DOTSCASE@=\count300
LaTeX Info: Redefining \ldots on input line 495.
LaTeX Info: Redefining \dots on input line 498.
LaTeX Info: Redefining \cdots on input line 619.
\Mathstrutbox@=\box53
\strutbox@=\box54
LaTeX Info: Redefining \big on input line 721.
LaTeX Info: Redefining \Big on input line 722.
LaTeX Info: Redefining \bigg on input line 723.
LaTeX Info: Redefining \Bigg on input line 724.
\big@size=\dimen164
LaTeX Font Info:    Redeclaring font encoding OML on input line 742.
LaTeX Font Info:    Redeclaring font encoding OMS on input line 743.
\macc@depth=\count301
LaTeX Info: Redefining \bmod on input line 904.
LaTeX Info: Redefining \pmod on input line 909.
LaTeX Info: Redefining \smash on input line 939.
LaTeX Info: Redefining \relbar on input line 969.
LaTeX Info: Redefining \Relbar on input line 970.
\c@MaxMatrixCols=\count302
\dotsspace@=\muskip18
\c@parentequation=\count303
\dspbrk@lvl=\count304
\tag@help=\toks21
\row@=\count305
\column@=\count306
\maxfields@=\count307
\andhelp@=\toks22
\eqnshift@=\dimen165
\alignsep@=\dimen166
\tagshift@=\dimen167
\tagwidth@=\dimen168
\totwidth@=\dimen169
\lineht@=\dimen170
\@envbody=\toks23
\multlinegap=\skip53
\multlinetaggap=\skip54
\mathdisplay@stack=\toks24
LaTeX Info: Redefining \[ on input line 2950.
LaTeX Info: Redefining \] on input line 2951.
)
(C:/Users/jpmartinez/AppData/Local/Programs/MiKTeX/tex/latex/amscls/amsthm.sty
Package: amsthm 2020/05/29 v2.20.6
\thm@style=\toks25
\thm@bodyfont=\toks26
\thm@headfont=\toks27
\thm@notefont=\toks28
\thm@headpunct=\toks29
\thm@preskip=\skip55
\thm@postskip=\skip56
\thm@headsep=\skip57
\dth@everypar=\toks30
)
(C:/Users/jpmartinez/AppData/Local/Programs/MiKTeX/tex/latex/amsfonts/amssymb.s
ty
Package: amssymb 2013/01/14 v3.01 AMS font symbols

(C:/Users/jpmartinez/AppData/Local/Programs/MiKTeX/tex/latex/amsfonts/amsfonts.
sty
Package: amsfonts 2013/01/14 v3.01 Basic AMSFonts support
\symAMSa=\mathgroup4
\symAMSb=\mathgroup5
LaTeX Font Info:    Redeclaring math symbol \hbar on input line 98.
LaTeX Font Info:    Overwriting math alphabet `\mathfrak' in version `bold'
(Font)                  U/euf/m/n --> U/euf/b/n on input line 106.
))
(C:/Users/jpmartinez/AppData/Local/Programs/MiKTeX/tex/latex/was/icomma.sty
Package: icomma 2002/03/10 v2.0 (WaS)
)
(C:/Users/jpmartinez/AppData/Local/Programs/MiKTeX/tex/latex/base/fontenc.sty
Package: fontenc 2025/07/18 v2.1d Standard LaTeX package
LaTeX Font Info:    Trying to load font information for T1+lmr on input line 11
6.

(C:/Users/jpmartinez/AppData/Local/Programs/MiKTeX/tex/latex/lm/t1lmr.fd
File: t1lmr.fd 2015/05/01 v1.6.1 Font defs for Latin Modern
))
(C:/Users/jpmartinez/AppData/Local/Programs/MiKTeX/tex/latex/siunitx/siunitx.st
y
Package: siunitx 2025-07-09 v3.4.14 A comprehensive (SI) units package
\l__siunitx_number_uncert_offset_int=\count308
\l__siunitx_number_exponent_fixed_int=\count309
\l__siunitx_number_min_decimal_int=\count310
\l__siunitx_number_min_integer_int=\count311
\l__siunitx_number_round_precision_int=\count312
\l__siunitx_number_lower_threshold_int=\count313
\l__siunitx_number_upper_threshold_int=\count314
\l__siunitx_number_group_first_int=\count315
\l__siunitx_number_group_size_int=\count316
\l__siunitx_number_group_minimum_int=\count317
\l__siunitx_angle_tmp_dim=\dimen171
\l__siunitx_angle_marker_box=\box55
\l__siunitx_angle_unit_box=\box56
\l__siunitx_compound_count_int=\count318

(C:/Users/jpmartinez/AppData/Local/Programs/MiKTeX/tex/latex/translations/trans
lations.sty
Package: translations 2022/02/05 v1.12 internationalization of LaTeX2e packages
 (CN)
)
\l__siunitx_table_tmp_box=\box57
\l__siunitx_table_tmp_dim=\dimen172
\l__siunitx_table_column_width_dim=\dimen173
\l__siunitx_table_integer_box=\box58
\l__siunitx_table_decimal_box=\box59
\l__siunitx_table_uncert_box=\box60
\l__siunitx_table_before_box=\box61
\l__siunitx_table_after_box=\box62
\l__siunitx_table_before_dim=\dimen174
\l__siunitx_table_carry_dim=\dimen175
\l__siunitx_unit_tmp_int=\count319
\l__siunitx_unit_position_int=\count320
\l__siunitx_unit_total_int=\count321

(C:/Users/jpmartinez/AppData/Local/Programs/MiKTeX/tex/latex/tools/array.sty
Package: array 2025/09/25 v2.6n Tabular extension package (FMi)
\col@sep=\dimen176
\ar@mcellbox=\box63
\extrarowheight=\dimen177
\NC@list=\toks31
\extratabsurround=\skip58
\backup@length=\skip59
\ar@cellbox=\box64
))
(C:/Users/jpmartinez/AppData/Local/Programs/MiKTeX/tex/latex/placeins/placeins.
sty
Package: placeins 2005/04/18  v 2.2
)
(C:/Users/jpmartinez/AppData/Local/Programs/MiKTeX/tex/latex/biblatex/biblatex.
sty
Package: biblatex 2025/07/10 v3.21 programmable bibliographies (PK/MW)

(C:/Users/jpmartinez/AppData/Local/Programs/MiKTeX/tex/latex/logreq/logreq.sty
Package: logreq 2010/08/04 v1.0 xml request logger
\lrq@indent=\count322

(C:/Users/jpmartinez/AppData/Local/Programs/MiKTeX/tex/latex/logreq/logreq.def
File: logreq.def 2010/08/04 v1.0 logreq spec v1.0
)) (C:/Users/jpmartinez/AppData/Local/Programs/MiKTeX/tex/latex/base/ifthen.sty
Package: ifthen 2024/03/16 v1.1e Standard LaTeX ifthen package (DPC)
)
\c@tabx@nest=\count323
\c@listtotal=\count324
\c@listcount=\count325
\c@liststart=\count326
\c@liststop=\count327
\c@citecount=\count328
\c@citetotal=\count329
\c@multicitecount=\count330
\c@multicitetotal=\count331
\c@instcount=\count332
\c@maxnames=\count333
\c@minnames=\count334
\c@maxitems=\count335
\c@minitems=\count336
\c@citecounter=\count337
\c@maxcitecounter=\count338
\c@savedcitecounter=\count339
\c@uniquelist=\count340
\c@uniquename=\count341
\c@refsection=\count342
\c@refsegment=\count343
\c@maxextratitle=\count344
\c@maxextratitleyear=\count345
\c@maxextraname=\count346
\c@maxextradate=\count347
\c@maxextraalpha=\count348
\c@abbrvpenalty=\count349
\c@highnamepenalty=\count350
\c@lownamepenalty=\count351
\c@maxparens=\count352
\c@parenlevel=\count353
\blx@tempcnta=\count354
\blx@tempcntb=\count355
\blx@tempcntc=\count356
\c@blx@maxsection=\count357
\blx@maxsegment@0=\count358
\blx@notetype=\count359
\blx@parenlevel@text=\count360
\blx@parenlevel@foot=\count361
\blx@sectionciteorder@0=\count362
\blx@sectionciteorderinternal@0=\count363
\blx@entrysetcounter=\count364
\blx@biblioinstance=\count365
\labelnumberwidth=\skip60
\labelalphawidth=\skip61
\biblabelsep=\skip62
\bibitemsep=\skip63
\bibnamesep=\skip64
\bibinitsep=\skip65
\bibparsep=\skip66
\bibhang=\skip67
\blx@bcfin=\read2
\blx@bcfout=\write3
\blx@langwohyphens=\language2
\c@mincomprange=\count366
\c@maxcomprange=\count367
\c@mincompwidth=\count368
Package biblatex Info: Trying to load biblatex default data model...
Package biblatex Info: ... file 'blx-dm.def' found.

(C:/Users/jpmartinez/AppData/Local/Programs/MiKTeX/tex/latex/biblatex/blx-dm.de
f
File: blx-dm.def 2025/07/10 v3.21 biblatex datamodel (PK/MW)
)
Package biblatex Info: Trying to load biblatex style data model...
Package biblatex Info: ... file 'numeric-comp.dbx' not found.
Package biblatex Info: Trying to load biblatex custom data model...
Package biblatex Info: ... file 'biblatex-dm.cfg' not found.
\c@afterword=\count369
\c@savedafterword=\count370
\c@annotator=\count371
\c@savedannotator=\count372
\c@author=\count373
\c@savedauthor=\count374
\c@bookauthor=\count375
\c@savedbookauthor=\count376
\c@commentator=\count377
\c@savedcommentator=\count378
\c@editor=\count379
\c@savededitor=\count380
\c@editora=\count381
\c@savededitora=\count382
\c@editorb=\count383
\c@savededitorb=\count384
\c@editorc=\count385
\c@savededitorc=\count386
\c@foreword=\count387
\c@savedforeword=\count388
\c@holder=\count389
\c@savedholder=\count390
\c@introduction=\count391
\c@savedintroduction=\count392
\c@namea=\count393
\c@savednamea=\count394
\c@nameb=\count395
\c@savednameb=\count396
\c@namec=\count397
\c@savednamec=\count398
\c@translator=\count399
\c@savedtranslator=\count400
\c@shortauthor=\count401
\c@savedshortauthor=\count402
\c@shorteditor=\count403
\c@savedshorteditor=\count404
\c@labelname=\count405
\c@savedlabelname=\count406
\c@institution=\count407
\c@savedinstitution=\count408
\c@lista=\count409
\c@savedlista=\count410
\c@listb=\count411
\c@savedlistb=\count412
\c@listc=\count413
\c@savedlistc=\count414
\c@listd=\count415
\c@savedlistd=\count416
\c@liste=\count417
\c@savedliste=\count418
\c@listf=\count419
\c@savedlistf=\count420
\c@location=\count421
\c@savedlocation=\count422
\c@organization=\count423
\c@savedorganization=\count424
\c@origlocation=\count425
\c@savedoriglocation=\count426
\c@origpublisher=\count427
\c@savedorigpublisher=\count428
\c@publisher=\count429
\c@savedpublisher=\count430
\c@language=\count431
\c@savedlanguage=\count432
\c@origlanguage=\count433
\c@savedoriglanguage=\count434
\c@pageref=\count435
\c@savedpageref=\count436
\shorthandwidth=\skip68
\shortjournalwidth=\skip69
\shortserieswidth=\skip70
\shorttitlewidth=\skip71
\shortauthorwidth=\skip72
\shorteditorwidth=\skip73
\locallabelnumberwidth=\skip74
\locallabelalphawidth=\skip75
\localshorthandwidth=\skip76
\localshortjournalwidth=\skip77
\localshortserieswidth=\skip78
\localshorttitlewidth=\skip79
\localshortauthorwidth=\skip80
\localshorteditorwidth=\skip81
Package biblatex Info: Trying to load enhanced support for Unicode engines...
Package biblatex Info: ... file 'blx-unicode.def' found.

(C:/Users/jpmartinez/AppData/Local/Programs/MiKTeX/tex/latex/biblatex/blx-unico
de.def)
Package biblatex Info: Trying to load compatibility code...
Package biblatex Info: ... file 'blx-compat.def' found.

(C:/Users/jpmartinez/AppData/Local/Programs/MiKTeX/tex/latex/biblatex/blx-compa
t.def
File: blx-compat.def 2025/07/10 v3.21 biblatex compatibility (PK/MW)
)
Package biblatex Info: Trying to load generic definitions...
Package biblatex Info: ... file 'biblatex.def' found.

(C:/Users/jpmartinez/AppData/Local/Programs/MiKTeX/tex/latex/biblatex/biblatex.
def
File: biblatex.def 2025/07/10 v3.21 biblatex compatibility (PK/MW)
\c@textcitecount=\count437
\c@textcitetotal=\count438
\c@textcitemaxnames=\count439
\c@biburlbigbreakpenalty=\count440
\c@biburlbreakpenalty=\count441
\c@biburlnumpenalty=\count442
\c@biburlucpenalty=\count443
\c@biburllcpenalty=\count444
\biburlbigskip=\muskip19
\biburlnumskip=\muskip20
\biburlucskip=\muskip21
\biburllcskip=\muskip22
\c@smartand=\count445
)
Package biblatex Info: Trying to load natbib compatibility...
Package biblatex Info: ... file 'blx-natbib.def' found.

(C:/Users/jpmartinez/AppData/Local/Programs/MiKTeX/tex/latex/biblatex/blx-natbi
b.def
File: blx-natbib.def 2025/07/10 v3.21 biblatex compatibility (PK/MW)
Package biblatex Info: Delimiter 'nameyeardelim' in context '' already defined,
 overwriting.
)
Package biblatex Info: Trying to load bibliography style 'numeric-comp'...
Package biblatex Info: ... file 'numeric-comp.bbx' found.

(C:/Users/jpmartinez/AppData/Local/Programs/MiKTeX/tex/latex/biblatex/bbx/numer
ic-comp.bbx
File: numeric-comp.bbx 2025/07/10 v3.21 biblatex bibliography style (PK/MW)
Package biblatex Info: Trying to load bibliography style 'numeric'...
Package biblatex Info: ... file 'numeric.bbx' found.

(C:/Users/jpmartinez/AppData/Local/Programs/MiKTeX/tex/latex/biblatex/bbx/numer
ic.bbx
File: numeric.bbx 2025/07/10 v3.21 biblatex bibliography style (PK/MW)
Package biblatex Info: Trying to load bibliography style 'standard'...
Package biblatex Info: ... file 'standard.bbx' found.

(C:/Users/jpmartinez/AppData/Local/Programs/MiKTeX/tex/latex/biblatex/bbx/stand
ard.bbx
File: standard.bbx 2025/07/10 v3.21 biblatex bibliography style (PK/MW)
\c@bbx:relatedcount=\count446
\c@bbx:relatedtotal=\count447
)))
Package biblatex Info: Trying to load citation style 'numeric-comp'...
Package biblatex Info: ... file 'numeric-comp.cbx' found.

(C:/Users/jpmartinez/AppData/Local/Programs/MiKTeX/tex/latex/biblatex/cbx/numer
ic-comp.cbx
File: numeric-comp.cbx 2025/07/10 v3.21 biblatex citation style (PK/MW)
\c@cbx@tempcnta=\count448
\c@cbx@tempcntb=\count449
\c@cbx@tempcntc=\count450
\c@cbx@tempcntd=\count451
Package biblatex Info: Redefining '\cite'.
Package biblatex Info: Redefining '\parencite'.
Package biblatex Info: Redefining '\footcite'.
Package biblatex Info: Redefining '\footcitetext'.
Package biblatex Info: Redefining '\smartcite'.
Package biblatex Info: Redefining '\supercite'.
Package biblatex Info: Redefining '\textcite'.
Package biblatex Info: Redefining '\textcites'.
Package biblatex Info: Redefining '\cites'.
Package biblatex Info: Redefining '\parencites'.
Package biblatex Info: Redefining '\smartcites'.
)
Package biblatex Info: Trying to load configuration file...
Package biblatex Info: ... file 'biblatex.cfg' found.

(C:/Users/jpmartinez/AppData/Local/Programs/MiKTeX/tex/latex/biblatex/biblatex.
cfg
File: biblatex.cfg 
)
Package biblatex Info: LuaTeX detected.
(biblatex)             Assuming input encoding 'utf8'.
Package biblatex Info: Document encoding is UTF8 ....

(C:/Users/jpmartinez/AppData/Local/Programs/MiKTeX/tex/latex/l3kernel/expl3.sty
Package: expl3 2025-12-24 L3 programming layer (loader) 

(C:/Users/jpmartinez/AppData/Local/Programs/MiKTeX/tex/latex/l3backend/l3backen
d-luatex.def
File: l3backend-luatex.def 2025-10-09 L3 backend support: PDF output (LuaTeX)
\l__color_backend_stack_int=\count452
Inserting `l3color' in `luaotfload.parse_color'.))
Package biblatex Info: ... and expl3
(biblatex)             2025-12-24 L3 programming layer (loader) 
(biblatex)             is new enough (at least 2020/04/06),
(biblatex)             setting 'casechanger=expl3'.

(C:/Users/jpmartinez/AppData/Local/Programs/MiKTeX/tex/latex/biblatex/blx-case-
expl3.sty
(C:/Users/jpmartinez/AppData/Local/Programs/MiKTeX/tex/latex/l3packages/xparse/
xparse.sty
Package: xparse 2025-10-09 L3 Experimental document command parser
)
Package: blx-case-expl3 2025/07/10 v3.21 expl3 case changing code for biblatex
))
(C:/Users/jpmartinez/AppData/Local/Programs/MiKTeX/tex/latex/fontspec/fontspec.
sty
Package: fontspec 2025/09/29 v2.9g Font selection for XeLaTeX and LuaLaTeX
Lua module: fontspec 2025/09/29 v2.9g Font selection for XeLaTeX and LuaLaTeX
(C:/Users/jpmartinez/AppData/Local/Programs/MiKTeX/tex/latex/fontspec/fontspec-
luatex.sty
Package: fontspec-luatex 2025/09/29 v2.9g Font selection for XeLaTeX and LuaLaT
eX
\l__fontspec_script_int=\count453
\l__fontspec_language_int=\count454
\l__fontspec_strnum_int=\count455
\l__fontspec_tmp_int=\count456
\l__fontspec_tmpa_int=\count457
\l__fontspec_tmpb_int=\count458
\l__fontspec_tmpc_int=\count459
\l__fontspec_em_int=\count460
\l__fontspec_emdef_int=\count461
\l__fontspec_strong_int=\count462
\l__fontspec_strongdef_int=\count463
\l__fontspec_tmpa_dim=\dimen178
\l__fontspec_tmpb_dim=\dimen179
\l__fontspec_tmpc_dim=\dimen180

(C:/Users/jpmartinez/AppData/Local/Programs/MiKTeX/tex/latex/base/fontenc.sty
Package: fontenc 2025/07/18 v2.1d Standard LaTeX package
)
(C:/Users/jpmartinez/AppData/Local/Programs/MiKTeX/tex/latex/fontspec/fontspec.
cfg)))
luaotfload | cache : Lookup cache loaded from C:/Users/jpmartinez/AppData/Local/
MiKTeX/luatex-cache/generic/names/luaotfload-lookup-cache.luc.

Package fontspec Info: 
(fontspec)             Font family 'RedHatDisplay(0)' created for font
(fontspec)             'RedHatDisplay' with options [Ligatures=TeX,UprightFont
(fontspec)             = *-Regular,ItalicFont = *-Italic,BoldFont =
(fontspec)             *-Bold,BoldItalicFont = *-BoldItalic].
(fontspec)              
(fontspec)              This font family consists of the following NFSS
(fontspec)             series/shapes:
(fontspec)              
(fontspec)             - 'normal' (m/n) with NFSS spec.:
(fontspec)             <->"name:RedHatDisplay-Regular:mode=node;script=latn;lan
guage=dflt;+tlig;"
(fontspec)             - 'bold' (b/n) with NFSS spec.:
(fontspec)             <->"name:RedHatDisplay-Bold:mode=node;script=latn;langua
ge=dflt;+tlig;"
(fontspec)             - 'italic' (m/it) with NFSS spec.:
(fontspec)             <->"name:RedHatDisplay-Italic:mode=node;script=latn;lang
uage=dflt;+tlig;"
(fontspec)             - 'bold italic' (b/it) with NFSS spec.:
(fontspec)             <->"name:RedHatDisplay-BoldItalic:mode=node;script=latn;
language=dflt;+tlig;"


(C:/Users/jpmartinez/AppData/Local/Programs/MiKTeX/tex/latex/fancyhdr/fancyhdr.
sty
Package: fancyhdr 2025/02/07 v5.2 Extensive control of page headers and footers

\f@nch@headwidth=\skip82
\f@nch@offset@elh=\skip83
\f@nch@offset@erh=\skip84
\f@nch@offset@olh=\skip85
\f@nch@offset@orh=\skip86
\f@nch@offset@elf=\skip87
\f@nch@offset@erf=\skip88
\f@nch@offset@olf=\skip89
\f@nch@offset@orf=\skip90
\f@nch@height=\skip91
\f@nch@footalignment=\skip92
\f@nch@widthL=\skip93
\f@nch@widthC=\skip94
\f@nch@widthR=\skip95
\@temptokenb=\toks32
)
(C:/Users/jpmartinez/AppData/Local/Programs/MiKTeX/tex/latex/float/float.sty
Package: float 2001/11/08 v1.3d Float enhancements (AL)
\c@float@type=\count464
\float@exts=\toks33
\float@box=\box65
\@float@everytoks=\toks34
\@floatcapt=\box66
)
(C:/Users/jpmartinez/AppData/Local/Programs/MiKTeX/tex/latex/tools/longtable.st
y
Package: longtable 2025-10-13 v4.24 Multi-page Table package (DPC)
\LTleft=\skip96
\LTright=\skip97
\LTpre=\skip98
\LTpost=\skip99
\LTchunksize=\count465
\LTcapwidth=\dimen181
\LT@head=\box67
\LT@firsthead=\box68
\LT@foot=\box69
\LT@lastfoot=\box70
\LT@gbox=\box71
\LT@cols=\count466
\LT@rows=\count467
\c@LT@tables=\count468
\c@LT@chunks=\count469
\LT@p@ftn=\toks35
)
Package translations Info: No language package found. I am going to use `englis
h' as default language. on input line 54.

(C:/Users/jpmartinez/AppData/Local/Programs/MiKTeX/tex/latex/graphics/color.sty
Package: color 2025/01/14 v1.3e Standard LaTeX Color (DPC)

(C:/Users/jpmartinez/AppData/Local/Programs/MiKTeX/tex/latex/graphics-cfg/color
.cfg
File: color.cfg 2016/01/02 v1.6 sample color configuration
)
Package color Info: Driver file: luatex.def on input line 149.

(C:/Users/jpmartinez/AppData/Local/Programs/MiKTeX/tex/latex/graphics/mathcolor
.ltx))
\@quotelevel=\count470
\@quotereset=\count471
 (./main.aux)
\openout1 = main.aux

LaTeX Font Info:    Checking defaults for OML/cmm/m/it on input line 54.
LaTeX Font Info:    ... okay on input line 54.
LaTeX Font Info:    Checking defaults for OMS/cmsy/m/n on input line 54.
LaTeX Font Info:    ... okay on input line 54.
LaTeX Font Info:    Checking defaults for OT1/cmr/m/n on input line 54.
LaTeX Font Info:    ... okay on input line 54.
LaTeX Font Info:    Checking defaults for T1/cmr/m/n on input line 54.
LaTeX Font Info:    ... okay on input line 54.
LaTeX Font Info:    Checking defaults for TS1/cmr/m/n on input line 54.
LaTeX Font Info:    ... okay on input line 54.
LaTeX Font Info:    Checking defaults for TU/lmr/m/n on input line 54.
LaTeX Font Info:    ... okay on input line 54.
LaTeX Font Info:    Checking defaults for OMX/cmex/m/n on input line 54.
LaTeX Font Info:    ... okay on input line 54.
LaTeX Font Info:    Checking defaults for U/cmr/m/n on input line 54.
LaTeX Font Info:    ... okay on input line 54.
LaTeX Font Info:    Checking defaults for PD1/pdf/m/n on input line 54.
LaTeX Font Info:    ... okay on input line 54.
LaTeX Font Info:    Checking defaults for PU/pdf/m/n on input line 54.
LaTeX Font Info:    ... okay on input line 54.

*geometry* driver: auto-detecting
*geometry* detected driver: luatex
*geometry* verbose mode - [ preamble ] result:
* driver: luatex
* paper: a4paper
* layout: <same size as paper>
* layoutoffset:(h,v)=(0.0pt,0.0pt)
* modes: 
* h-part:(L,W,R)=(71.13188pt, 455.24411pt, 71.13188pt)
* v-part:(T,H,B)=(71.13188pt, 702.78308pt, 71.13188pt)
* \paperwidth=597.50787pt
* \paperheight=845.04684pt
* \textwidth=455.24411pt
* \textheight=702.78308pt
* \oddsidemargin=-1.1381pt
* \evensidemargin=-1.1381pt
* \topmargin=-38.1381pt
* \headheight=14.0pt
* \headsep=25.0pt
* \topskip=11.0pt
* \footskip=30.0pt
* \marginparwidth=50.0pt
* \marginparsep=10.0pt
* \columnsep=10.0pt
* \skip\footins=10.0pt plus 4.0pt minus 2.0pt
* \hoffset=0.0pt
* \voffset=0.0pt
* \mag=1000
* \@twocolumnfalse
* \@twosidefalse
* \@mparswitchfalse
* \@reversemarginfalse
* (1in=72.27pt=25.4mm, 1cm=28.453pt)


(C:/Users/jpmartinez/AppData/Local/Programs/MiKTeX/tex/context/base/mkii/supp-p
df.mkii
[Loading MPS to PDF converter (version 2006.09.02).]
\scratchcounter=\count472
\scratchdimen=\dimen182
\scratchbox=\box72
\nofMPsegments=\count473
\nofMParguments=\count474
\everyMPshowfont=\toks36
\MPscratchCnt=\count475
\MPscratchDim=\dimen183
\MPnumerator=\count476
\makeMPintoPDFobject=\count477
\everyMPtoPDFconversion=\toks37
)
(C:/Users/jpmartinez/AppData/Local/Programs/MiKTeX/tex/latex/epstopdf-pkg/epsto
pdf-base.sty
Package: epstopdf-base 2020-01-24 v2.11 Base part for package epstopdf
Package epstopdf-base Info: Redefining graphics rule for `.eps' on input line 4
85.

(C:/Users/jpmartinez/AppData/Local/Programs/MiKTeX/tex/latex/00miktex/epstopdf-
sys.cfg
File: epstopdf-sys.cfg 2021/03/18 v2.0 Configuration of epstopdf for MiKTeX
))
Package hyperref Info: Link coloring ON on input line 54.
 (./main.out) (./main.out)
\@outlinefile=\write4

\openout4 = main.out

(C:/Users/jpmartinez/AppData/Local/Programs/MiKTeX/tex/latex/translations/dicts
/translations-basic-dictionary-english.trsl
File: translations-basic-dictionary-english.trsl (english translation file `tra
nslations-basic-dictionary')
)
Package translations Info: loading dictionary `translations-basic-dictionary' f
or `english'. on input line 54.
Package biblatex Info: Trying to load language 'english'...
Package biblatex Info: ... file 'english.lbx' found.

(C:/Users/jpmartinez/AppData/Local/Programs/MiKTeX/tex/latex/biblatex/lbx/engli
sh.lbx
File: english.lbx 2025/07/10 v3.21 biblatex localization (PK/MW)
)
Package biblatex Info: LuaTeX detected.
(biblatex)             Assuming input encoding 'utf8'.
Package biblatex Info: Automatic encoding selection.
(biblatex)             Assuming data encoding 'utf8'.

\openout3 = main.bcf
Package biblatex Info: Trying to load bibliographic data...
Package biblatex Info: ... file 'main.bbl' found.
 (./main.bbl)
Package biblatex Info: Reference section=0 on input line 54.
Package biblatex Info: Reference segment=0 on input line 54.

Package fontspec Info: 
(fontspec)             Adjusting the maths setup (use [no-math] to avoid
(fontspec)             this).

\symlegacymaths=\mathgroup6
LaTeX Font Info:    Overwriting symbol font `legacymaths' in version `bold'
(Font)                  OT1/cmr/m/n --> OT1/cmr/bx/n on input line 54.
LaTeX Font Info:    Redeclaring math accent \acute on input line 54.
LaTeX Font Info:    Redeclaring math accent \grave on input line 54.
LaTeX Font Info:    Redeclaring math accent \ddot on input line 54.
LaTeX Font Info:    Redeclaring math accent \tilde on input line 54.
LaTeX Font Info:    Redeclaring math accent \bar on input line 54.
LaTeX Font Info:    Redeclaring math accent \breve on input line 54.
LaTeX Font Info:    Redeclaring math accent \check on input line 54.
LaTeX Font Info:    Redeclaring math accent \hat on input line 54.
LaTeX Font Info:    Redeclaring math accent \dot on input line 54.
LaTeX Font Info:    Redeclaring math accent \mathring on input line 54.
LaTeX Font Info:    Redeclaring math symbol \Gamma on input line 54.
LaTeX Font Info:    Redeclaring math symbol \Delta on input line 54.
LaTeX Font Info:    Redeclaring math symbol \Theta on input line 54.
LaTeX Font Info:    Redeclaring math symbol \Lambda on input line 54.
LaTeX Font Info:    Redeclaring math symbol \Xi on input line 54.
LaTeX Font Info:    Redeclaring math symbol \Pi on input line 54.
LaTeX Font Info:    Redeclaring math symbol \Sigma on input line 54.
LaTeX Font Info:    Redeclaring math symbol \Upsilon on input line 54.
LaTeX Font Info:    Redeclaring math symbol \Phi on input line 54.
LaTeX Font Info:    Redeclaring math symbol \Psi on input line 54.
LaTeX Font Info:    Redeclaring math symbol \Omega on input line 54.
LaTeX Font Info:    Redeclaring math symbol \mathdollar on input line 54.
LaTeX Font Info:    Redeclaring symbol font `operators' on input line 54.
LaTeX Font Info:    Encoding `OT1' has changed to `TU' for symbol font
(Font)              `operators' in the math version `normal' on input line 54.
LaTeX Font Info:    Overwriting symbol font `operators' in version `normal'
(Font)                  OT1/cmr/m/n --> TU/RedHatDisplay(0)/m/n on input line 5
4.
LaTeX Font Info:    Encoding `OT1' has changed to `TU' for symbol font
(Font)              `operators' in the math version `bold' on input line 54.
LaTeX Font Info:    Overwriting symbol font `operators' in version `bold'
(Font)                  OT1/cmr/bx/n --> TU/RedHatDisplay(0)/m/n on input line 
54.
LaTeX Font Info:    Overwriting symbol font `operators' in version `normal'
(Font)                  TU/RedHatDisplay(0)/m/n --> TU/RedHatDisplay(0)/m/n on 
input line 54.
LaTeX Font Info:    Overwriting math alphabet `\mathit' in version `normal'
(Font)                  OT1/cmr/m/it --> TU/RedHatDisplay(0)/m/it on input line
 54.
LaTeX Font Info:    Overwriting math alphabet `\mathbf' in version `normal'
(Font)                  OT1/cmr/bx/n --> TU/RedHatDisplay(0)/b/n on input line 
54.
LaTeX Font Info:    Overwriting math alphabet `\mathsf' in version `normal'
(Font)                  OT1/cmss/m/n --> TU/lmss/m/n on input line 54.
LaTeX Font Info:    Overwriting math alphabet `\mathtt' in version `normal'
(Font)                  OT1/cmtt/m/n --> TU/lmtt/m/n on input line 54.
LaTeX Font Info:    Overwriting symbol font `operators' in version `bold'
(Font)                  TU/RedHatDisplay(0)/m/n --> TU/RedHatDisplay(0)/b/n on 
input line 54.
LaTeX Font Info:    Overwriting math alphabet `\mathit' in version `bold'
(Font)                  OT1/cmr/bx/it --> TU/RedHatDisplay(0)/b/it on input lin
e 54.
LaTeX Font Info:    Overwriting math alphabet `\mathsf' in version `bold'
(Font)                  OT1/cmss/bx/n --> TU/lmss/b/n on input line 54.
LaTeX Font Info:    Overwriting math alphabet `\mathtt' in version `bold'
(Font)                  OT1/cmtt/m/n --> TU/lmtt/b/n on input line 54.
<Logo_CompletoVertical_Rojo.png, id=403, 924.5742pt x 1016.598pt>
File: Logo_CompletoVertical_Rojo.png Graphic file (type png)
<use Logo_CompletoVertical_Rojo.png>
Package luatex.def Info: Logo_CompletoVertical_Rojo.png  used on input line 60.

(luatex.def)             Requested size: 227.62204pt x 250.27087pt.
LaTeX Font Info:    Trying to load font information for U+msa on input line 60.


(C:/Users/jpmartinez/AppData/Local/Programs/MiKTeX/tex/latex/amsfonts/umsa.fd
File: umsa.fd 2013/01/14 v3.01 AMS symbols A
)
LaTeX Font Info:    Trying to load font information for U+msb on input line 60.


(C:/Users/jpmartinez/AppData/Local/Programs/MiKTeX/tex/latex/amsfonts/umsb.fd
File: umsb.fd 2013/01/14 v3.01 AMS symbols B
)
[1

{C:/Users/jpmartinez/AppData/Local/MiKTeX/fonts/map/pdftex/pdftex.map}<./Logo_Co
mpletoVertical_Rojo.png>] (./main.toc [2] [3])
\tf@toc=\write5

\openout5 = main.toc
 [4]
Underfull \hbox (badness 3009) in paragraph at lines 134--135
\TU/RedHatDisplay(0)/m/n/10.95 Adi-cional-mente, se fil-tra la eval-u-ación a 
condi-ciones
 []


Underfull \hbox (badness 6725) in paragraph at lines 134--135
\TU/RedHatDisplay(0)/m/n/10.95 de de-spegue, ver-i-f-i-cando \TU/lmtt/m/n/10.95
 FLIGHT__PHASE \TU/RedHatDisplay(0)/m/n/10.95 en \TU/RedHatDisplay(0)/m/it/10.9
5 TO \TU/RedHatDisplay(0)/m/n/10.95 o
 []

[5

] [6] [7] [8] [9]
Underfull \hbox (badness 3375) in paragraph at lines 296--297
\TU/RedHatDisplay(0)/m/n/10.95 difer-en-cia ab-so-luta en-tre el rumbo mag-néti
co de la
 []


Underfull \hbox (badness 1168) in paragraph at lines 296--297
\TU/RedHatDisplay(0)/m/n/10.95 aeron-ave y el rumbo mag-nético del eje de pista
. Si
 []

[10]
Underfull \hbox (badness 1077) in paragraph at lines 324--325
\TU/RedHatDisplay(0)/m/n/10.95 Adi-cional-mente, la eval-u-ación se re-stringe a las fases
 []

[11] [12]
Underfull \hbox (badness 1418) in paragraph at lines 380--381
[]|\TU/RedHatDisplay(0)/m/n/10.95 Iden-ti-ficar asimetrías sig-ni-fica-ti-vas 
en la apli-cación de
 []

[13]
Underfull \hbox (badness 1874) in paragraph at lines 429--432
[]|\TU/RedHatDisplay(0)/m/it/10.95 Low\TU/RedHatDisplay(0)/m/n/10.95 : difer-en-
cia de co-mando menor a $\OT1/cmr/m/n/10.95 7$$[]$ \TU/RedHatDisplay(0)/m/n/10.
95 du-rante al
 []


Underfull \hbox (badness 1552) in paragraph at lines 429--432
\TU/RedHatDisplay(0)/m/it/10.95 High\TU/RedHatDisplay(0)/m/n/10.95 : difer-en-ci
a de co-mando menor a $\OT1/cmr/m/n/10.95 3$$[]$ \TU/RedHatDisplay(0)/m/n/10.95
 du-rante al
 []

[14] [15]
Underfull \hbox (badness 5189) in paragraph at lines 498--499
\TU/RedHatDisplay(0)/m/n/10.95 i-mación fi-nal, ater-rizaje y go-around, y úni
-ca-mente
 []

[16] [17] [18] [19]
Underfull \hbox (badness 1521) in paragraph at lines 614--615
[]|\TU/RedHatDisplay(0)/m/n/10.95 Iden-ti-ficar ater-riza-jes re-al-iza-dos con una com-po-nente
 []


Package siunitx Warning: Unit macro \knot has been deprecated in this release.
(siunitx)                
(siunitx)                The BIPM have removed this unit from the SI Brochure.
(siunitx)                You should define it yourself using \DeclareSIUnit in
(siunitx)                your source. The current definition is
(siunitx)                
(siunitx)                \DeclareSIUnit\knot{kn}

[20] [21] [22]
Underfull \hbox (badness 1137) in paragraph at lines 716--717
\TU/RedHatDisplay(0)/m/n/10.95 El evento se evalúa úni-ca-mente du-rante las 
fases de
 []


Underfull \hbox (badness 1270) in paragraph at lines 719--720
\TU/RedHatDisplay(0)/m/n/10.95 el al-go-ritmo evalúa la mag-ni-tud del viento 
de frente.
 []

[23]
Underfull \hbox (badness 1137) in paragraph at lines 746--747
\TU/RedHatDisplay(0)/m/n/10.95 El evento se evalúa úni-ca-mente du-rante las 
fases de
 []

[24] [25]
Underfull \hbox (badness 3364) in paragraph at lines 809--810
\TU/RedHatDisplay(0)/m/n/10.95 La eval-u-ación se limita ex-clu-si-va-mente a 
la fase de
 []


Underfull \hbox (badness 2401) in paragraph at lines 809--810
\TU/RedHatDisplay(0)/m/n/10.95 crucero (\TU/RedHatDisplay(0)/m/it/10.95 CRUISE\
TU/RedHatDisplay(0)/m/n/10.95 ), evi-tando de-tec-ciones du-rante as-
 []


Underfull \hbox (badness 3568) in paragraph at lines 820--821
[]|\TU/RedHatDisplay(0)/m/n/10.95 El evento se evalúa úni-ca-mente du-rante la
 fase de
 []

[26] [27]
Underfull \hbox (badness 10000) in paragraph at lines 886--895

 []

[28]
Underfull \hbox (badness 1917) in paragraph at lines 918--919
[]|\TU/RedHatDisplay(0)/m/n/10.95 El evento se evalúa du-rante las fases de \T
U/RedHatDisplay(0)/m/it/10.95 INI_CLIMB\TU/RedHatDisplay(0)/m/n/10.95 ,
 []

[29]
Underfull \hbox (badness 1917) in paragraph at lines 947--948
[]|\TU/RedHatDisplay(0)/m/n/10.95 El evento se evalúa du-rante las fases de \T
U/RedHatDisplay(0)/m/it/10.95 INI_CLIMB\TU/RedHatDisplay(0)/m/n/10.95 ,
 []


Underfull \hbox (badness 1259) in paragraph at lines 947--948
\TU/RedHatDisplay(0)/m/it/10.95 CLIMB\TU/RedHatDisplay(0)/m/n/10.95 , \TU/RedHa
tDisplay(0)/m/it/10.95 CRUISE\TU/RedHatDisplay(0)/m/n/10.95 , \TU/RedHatDisplay
(0)/m/it/10.95 DE-SCENT \TU/RedHatDisplay(0)/m/n/10.95 y \TU/RedHatDisplay(0)/m
/it/10.95 AP-PROACH\TU/RedHatDisplay(0)/m/n/10.95 . Si el valor
 []

[30]
Underfull \hbox (badness 1917) in paragraph at lines 976--977
[]|\TU/RedHatDisplay(0)/m/n/10.95 El evento se evalúa du-rante las fases de \T
U/RedHatDisplay(0)/m/it/10.95 INI_CLIMB\TU/RedHatDisplay(0)/m/n/10.95 ,
 []


Underfull \hbox (badness 1137) in paragraph at lines 984--985
[]|\TU/RedHatDisplay(0)/m/n/10.95 El evento se evalúa úni-ca-mente du-rante la
s fases de
 []

[31] [32]
Underfull \hbox (badness 10000) in paragraph at lines 1039--1043
\TU/RedHatDisplay(0)/m/it/10.95 CLIMB\TU/RedHatDisplay(0)/m/n/10.95 , \TU/RedHa
tDisplay(0)/m/it/10.95 CRUISE\TU/RedHatDisplay(0)/m/n/10.95 , \TU/RedHatDisplay
(0)/m/it/10.95 DE-SCENT\TU/RedHatDisplay(0)/m/n/10.95 , \TU/RedHatDisplay(0)/m/
it/10.95 AP-PROACH\TU/RedHatDisplay(0)/m/n/10.95 , \TU/RedHatDisplay(0)/m/it/10
.95 FIN_AP-
 []


Underfull \hbox (badness 1939) in paragraph at lines 1039--1043
\TU/RedHatDisplay(0)/m/n/10.95 cuando el timón su-pera una de-flex-ión mayor 
a $\OMS/cmsy/m/n/10.95 \OT1/cmr/m/n/10.95 10$\TU/RedHatDisplay(0)/m/n/10.95 .
 []


Underfull \hbox (badness 3679) in paragraph at lines 1039--1043
\TU/RedHatDisplay(0)/m/n/10.95 una de-flex-ión com-pleta en la di-rec-ción op-
uesta, se
 []

[33] [34]
Underfull \hbox (badness 3482) in paragraph at lines 1090--1091
[]|\TU/RedHatDisplay(0)/m/n/10.95 De-tec-tar en-tradas ex-ce-si-vas del side-sti
ck du-rante el
 []


Underfull \hbox (badness 1917) in paragraph at lines 1104--1107
[]|\TU/RedHatDisplay(0)/m/n/10.95 El evento se evalúa du-rante las fases de \T
U/RedHatDisplay(0)/m/it/10.95 INI_CLIMB\TU/RedHatDisplay(0)/m/n/10.95 ,
 []


Underfull \hbox (badness 6961) in paragraph at lines 1104--1107
\TU/RedHatDisplay(0)/m/it/10.95 CLIMB\TU/RedHatDisplay(0)/m/n/10.95 , \TU/RedHa
tDisplay(0)/m/it/10.95 CRUISE\TU/RedHatDisplay(0)/m/n/10.95 , \TU/RedHatDisplay
(0)/m/it/10.95 DE-SCENT\TU/RedHatDisplay(0)/m/n/10.95 , \TU/RedHatDisplay(0)/m/
it/10.95 AP-PROACH \TU/RedHatDisplay(0)/m/n/10.95 y \TU/RedHatDisplay(0)/m/it/1
0.95 FIN_AP-
 []

[35] [36]
Underfull \hbox (badness 1122) in paragraph at lines 1167--1168
\TU/RedHatDisplay(0)/m/n/10.95 alerta de \TU/RedHatDisplay(0)/m/it/10.95 wind-s-
hear \TU/RedHatDisplay(0)/m/n/10.95 du-rante el de-spegue, es-pecí-fi-ca-
 []

[37] [38]
Underfull \hbox (badness 1189) in paragraph at lines 1273--1276
[]|\TU/RedHatDisplay(0)/m/n/10.95 Este evento in-cor-pora lóg-ica de-pen-di-ent
e del aerop-
 []

[39] [40]
Underfull \hbox (badness 10000) in paragraph at lines 1292--1293
[]|\TU/RedHatDisplay(0)/m/n/10.95 De-tec-tar aprox-i-ma-ciones con ex-ceso de ve
-loci-dad,
 []


Underfull \hbox (badness 10000) in paragraph at lines 1298--1299
[]|\TU/RedHatDisplay(0)/m/n/10.95 De-tec-tar aprox-i-ma-ciones con ex-ceso de ve
-loci-dad,
 []


Underfull \hbox (badness 4168) in paragraph at lines 1334--1335
\TU/RedHatDisplay(0)/m/n/10.95 de con-tex-tos rel-e-vantes para la es-ta-bil-i-d
ad de
 []

ignored error Infinite glue shrinkage found in box being split [41]
Underfull \hbox (badness 1796) in paragraph at lines 1353--1354
\TU/RedHatDisplay(0)/m/n/10.95 y \TU/lmtt/m/n/10.95 VAPP \TU/RedHatDisplay(0)/m
/n/10.95 su-pera los um-brales con-fig-u-ra-dos du-rante un
 []

ignored error Infinite glue shrinkage found in box being split [42] [43]
Underfull \hbox (badness 2753) in paragraph at lines 1405--1406
\TU/RedHatDisplay(0)/m/n/10.95 loci-dad ob-je-tivo de aprox-i-mación (\TU/lmtt
/m/n/10.95 VAPP\TU/RedHatDisplay(0)/m/n/10.95 ) en-tre $\OT1/cmr/m/n/10.95 500$
$[]$
 []


Underfull \hbox (badness 1478) in paragraph at lines 1405--1406
\TU/RedHatDisplay(0)/m/n/10.95 y $\OT1/cmr/m/n/10.95 200$$[]$ \TU/RedHatDisplay
(0)/m/n/10.95 AAE, cuando la difer-en-cia en-tre la ve-loci-dad
 []


Underfull \hbox (badness 4316) in paragraph at lines 1433--1435
[]|\TU/RedHatDisplay(0)/m/n/10.95 El evento se evalúa ex-clu-si-va-mente du-ran
te la fase
 []


Underfull \hbox (badness 1442) in paragraph at lines 1433--1435
\TU/RedHatDisplay(0)/m/n/10.95 de \TU/RedHatDisplay(0)/m/it/10.95 Fi-nal Ap-proa
ch\TU/RedHatDisplay(0)/m/n/10.95 . Se com-prueba que la difer-en-cia
 []

ignored error Infinite glue shrinkage found in box being split [44]
Underfull \hbox (badness 2134) in paragraph at lines 1506--1507
[]\TU/RedHatDisplay(0)/m/n/10.95 Este evento está en-fo-cado en la de-tec-ci
ón de
 []

ignored error Infinite glue shrinkage found in box being split [45] [46]
Underfull \hbox (badness 1033) in paragraph at lines 1539--1540
[]\TU/RedHatDisplay(0)/m/n/10.95 Para aerop-uer-tos de alta al-ti-tud (por ejem-
plo, SKRG,
 []

ignored error Infinite glue shrinkage found in box being split [47]
Underfull \hbox (badness 4608) in paragraph at lines 1568--1569
[]|\TU/RedHatDisplay(0)/m/n/10.95 De-tec-tar ra-zones de de-scenso ex-ce-si-vas du-rante la
 []


Underfull \hbox (badness 1077) in paragraph at lines 1582--1584
[]|\TU/RedHatDisplay(0)/m/n/10.95 El evento se evalúa du-rante la fase de aprox
-i-mación,
 []


Underfull \hbox (badness 3460) in paragraph at lines 1585--1586
[]\TU/RedHatDisplay(0)/m/n/10.95 Para aerop-uer-tos de gran al-ti-tud (por ejem-
plo
 []


Underfull \hbox (badness 3838) in paragraph at lines 1593--1594
[]\TU/RedHatDisplay(0)/m/it/10.95 Low\TU/RedHatDisplay(0)/m/n/10.95 : razón de de-scenso mayor a $\OT1/cmr/m/n/10.95 1100$$[]/[]$
 []


Underfull \hbox (badness 3168) in paragraph at lines 1595--1596
[]\TU/RedHatDisplay(0)/m/it/10.95 High\TU/RedHatDisplay(0)/m/n/10.95 : razón de
 de-scenso mayor a $\OT1/cmr/m/n/10.95 1500$$[]/[]$
 []


Underfull \hbox (badness 3838) in paragraph at lines 1599--1600
[]\TU/RedHatDisplay(0)/m/it/10.95 Low\TU/RedHatDisplay(0)/m/n/10.95 : razón de de-scenso mayor a $\OT1/cmr/m/n/10.95 1000$$[]/[]$
 []


Underfull \hbox (badness 3168) in paragraph at lines 1601--1602
[]\TU/RedHatDisplay(0)/m/it/10.95 High\TU/RedHatDisplay(0)/m/n/10.95 : razón de
 de-scenso mayor a $\OT1/cmr/m/n/10.95 1500$$[]/[]$
 []

ignored error Infinite glue shrinkage found in box being split [48]
ignored error Infinite glue shrinkage found in box being split [49]
Underfull \hbox (badness 2547) in paragraph at lines 1625--1626
\TU/RedHatDisplay(0)/m/n/10.95 La lóg-ica se aplica ex-clu-si-va-mente du-rante
 fases de
 []


Underfull \hbox (badness 2269) in paragraph at lines 1625--1626
\TU/RedHatDisplay(0)/m/n/10.95 aprox-i-mación, con-siderando úni-ca-mente al-t
uras ba-jas
 []

ignored error Infinite glue shrinkage found in box being split [50] [51]
ignored error Infinite glue shrinkage found in box being split [52]
Underfull \hbox (badness 10000) in paragraph at lines 1713--1722

 []


Underfull \hbox (badness 2181) in paragraph at lines 1724--1727
\TU/RedHatDisplay(0)/m/n/10.95 para evi-tar ac-ti-va-ciones fuera del en-torno 
de mayor
 []

ignored error Infinite glue shrinkage found in box being split [53]
Underfull \hbox (badness 3250) in paragraph at lines 1735--1736
[]|\TU/RedHatDisplay(0)/m/n/10.95 De-tec-tar ac-ti-tudes de cabeceo ex-ce-si-vas
 du-rante la
 []

ignored error Infinite glue shrinkage found in box being split [54]
Underfull \hbox (badness 1430) in paragraph at lines 1809--1811
[]|\TU/RedHatDisplay(0)/m/n/10.95 Este evento está dis-eñado para iden-ti-fica
r aprox-i-ma-
 []

ignored error Infinite glue shrinkage found in box being split [55]
ignored error Infinite glue shrinkage found in box being split [56]
ignored error Infinite glue shrinkage found in box being split [57] [58]
Underfull \hbox (badness 1546) in paragraph at lines 1891--1892
[]|\TU/RedHatDisplay(0)/m/n/10.95 De-tec-tar án-gu-los de roll ex-ce-sivos du-r
ante la aprox-i-
 []


Underfull \hbox (badness 10000) in paragraph at lines 1930--1931
\TU/RedHatDisplay(0)/m/n/10.95 Los um-brales se apli-can úni-ca-mente cuando
 []


Underfull \hbox (badness 5475) in paragraph at lines 1930--1931
\TU/lmtt/m/n/10.95 ALT__AAE_BARO \TU/RedHatDisplay(0)/m/n/10.95 se en-cuen-tra 
en-tre $\OT1/cmr/m/n/10.95 1000$$[]$ \TU/RedHatDisplay(0)/m/n/10.95 (o $\OT1/cm
r/m/n/10.95 850$$[]$
 []

ignored error Infinite glue shrinkage found in box being split [59]
Underfull \hbox (badness 1546) in paragraph at lines 1942--1943
[]|\TU/RedHatDisplay(0)/m/n/10.95 De-tec-tar án-gu-los de roll ex-ce-sivos du-r
ante la aprox-i-
 []

ignored error Infinite glue shrinkage found in box being split [60] [61]
Underfull \hbox (badness 1546) in paragraph at lines 1985--1986
[]|\TU/RedHatDisplay(0)/m/n/10.95 De-tec-tar án-gu-los de roll ex-ce-sivos du-r
ante la aprox-i-
 []


Underfull \hbox (badness 1769) in paragraph at lines 1988--1989
[]|\TU/RedHatDisplay(0)/m/n/10.95 Los parámet-ros uti-liza-dos para la eval-u-a
ción de este
 []


Underfull \hbox (badness 6252) in paragraph at lines 1996--1997
\TU/RedHatDisplay(0)/m/n/10.95 El evento se evalúa úni-ca-mente du-rante la ap
rox-i-
 []


Underfull \hbox (badness 1158) in paragraph at lines 2038--2040
\TU/RedHatDisplay(0)/m/n/10.95 y \TU/RedHatDisplay(0)/m/it/10.95 FI-NAL AP-PROAC
H\TU/RedHatDisplay(0)/m/n/10.95 . Si la desviación del glide slope
 []


Underfull \hbox (badness 3482) in paragraph at lines 2038--2040
\TU/RedHatDisplay(0)/m/n/10.95 (\TU/lmtt/m/n/10.95 ILS__GLIDE_DEV\TU/RedHatDisp
lay(0)/m/n/10.95 ) es in-fe-rior o igual a los um-brales
 []


Underfull \hbox (badness 1430) in paragraph at lines 2049--2051
[]|\TU/RedHatDisplay(0)/m/n/10.95 Este evento está dis-eñado para iden-ti-fica
r aprox-i-ma-
 []

[62] [63]
Underfull \hbox (badness 2080) in paragraph at lines 2075--2077
[]|\TU/RedHatDisplay(0)/m/n/10.95 El evento se evalúa du-rante las fases \TU/R
edHatDisplay(0)/m/it/10.95 AP-PROACH \TU/RedHatDisplay(0)/m/n/10.95 y
 []


Underfull \hbox (badness 4479) in paragraph at lines 2075--2077
\TU/RedHatDisplay(0)/m/it/10.95 FI-NAL AP-PROACH\TU/RedHatDisplay(0)/m/n/10.95 
. Si la desviación del glide slope
 []


Underfull \hbox (badness 3302) in paragraph at lines 2075--2077
\TU/RedHatDisplay(0)/m/n/10.95 (\TU/lmtt/m/n/10.95 ILS__GLIDE_DEV\TU/RedHatDisp
lay(0)/m/n/10.95 ) es pos-i-tiva y su-pera los um-brales
 []

[64]
Underfull \hbox (badness 4543) in paragraph at lines 2095--2096
[]|\TU/RedHatDisplay(0)/m/n/10.95 De-tec-tar desvia-ciones neg-a-ti-vas ex-ce-si
-vas del Glide
 []


Underfull \hbox (badness 2080) in paragraph at lines 2109--2111
[]|\TU/RedHatDisplay(0)/m/n/10.95 El evento se evalúa du-rante las fases \TU/R
edHatDisplay(0)/m/it/10.95 AP-PROACH \TU/RedHatDisplay(0)/m/n/10.95 y
 []


Underfull \hbox (badness 4479) in paragraph at lines 2109--2111
\TU/RedHatDisplay(0)/m/it/10.95 FI-NAL AP-PROACH\TU/RedHatDisplay(0)/m/n/10.95 
. Si la desviación del glide slope
 []


Underfull \hbox (badness 7722) in paragraph at lines 2109--2111
\TU/RedHatDisplay(0)/m/n/10.95 (\TU/lmtt/m/n/10.95 ILS_GLIDE_DEV\TU/RedHatDispl
ay(0)/m/n/10.95 ) es menor o igual a los um-brales
 []


Underfull \hbox (badness 1430) in paragraph at lines 2118--2120
[]|\TU/RedHatDisplay(0)/m/n/10.95 Este evento está dis-eñado para iden-ti-fica
r aprox-i-ma-
 []

[65]
Underfull \hbox (badness 1087) in paragraph at lines 2143--2145
\TU/RedHatDisplay(0)/m/n/10.95 a \TU/RedHatDisplay(0)/m/it/10.95 AP-PROACH \TU/
RedHatDisplay(0)/m/n/10.95 o \TU/RedHatDisplay(0)/m/it/10.95 FIN_AP-PROACH\TU/R
edHatDisplay(0)/m/n/10.95 . Si la desviación de
 []

[66]
Underfull \hbox (badness 1783) in paragraph at lines 2183--2185
\TU/RedHatDisplay(0)/m/n/10.95 y \TU/RedHatDisplay(0)/m/it/10.95 FI-NAL AP-PROAC
H\TU/RedHatDisplay(0)/m/n/10.95 . Si la desviación del lo-cal-izador
 []


Underfull \hbox (badness 10000) in paragraph at lines 2192--2194
[]|\TU/RedHatDisplay(0)/m/n/10.95 Este evento per-mite iden-ti-ficar aprox-i-ma-
ciones
 []


Underfull \hbox (badness 5050) in paragraph at lines 2192--2194
\TU/RedHatDisplay(0)/m/n/10.95 con alin-eación lat-eral de-fi-ciente en una fas
e crítica
 []


Underfull \hbox (badness 3612) in paragraph at lines 2192--2194
\TU/RedHatDisplay(0)/m/n/10.95 del vuelo. La lóg-ica ex-cluye el uso del par
ámetro
 []


Underfull \hbox (badness 10000) in paragraph at lines 2192--2194
\TU/lmtt/m/n/10.95 ALT__AAE_APPROACH_ZONE\TU/RedHatDisplay(0)/m/n/10.95 , reem-p
lazán-dolo por
 []


Underfull \hbox (badness 4634) in paragraph at lines 2192--2194
\TU/lmtt/m/n/10.95 ALT__AAE_BARO\TU/RedHatDisplay(0)/m/n/10.95 , y aplica lóg-i
ca tem-po-ral ac-tu-al-izada
 []

[67]
Underfull \hbox (badness 2073) in paragraph at lines 2218--2220
[]|\TU/RedHatDisplay(0)/m/n/10.95 El evento se evalúa cuando la aeron-ave se en
-cuen-
 []


Underfull \hbox (badness 3514) in paragraph at lines 2218--2220
\TU/RedHatDisplay(0)/m/n/10.95 tra en fase \TU/RedHatDisplay(0)/m/it/10.95 AP-PR
OACH \TU/RedHatDisplay(0)/m/n/10.95 o \TU/RedHatDisplay(0)/m/it/10.95 FI-NAL AP-
PROACH\TU/RedHatDisplay(0)/m/n/10.95 . Si la
 []

[68]
Underfull \hbox (badness 1325) in paragraph at lines 2331--2334
[]|\TU/RedHatDisplay(0)/m/n/10.95 Este evento per-mite iden-ti-ficar prác-ti-ca
s de con-fig-u-
 []

[69]
ignored error Infinite glue shrinkage found in box being split [70]
Underfull \hbox (badness 1087) in paragraph at lines 2356--2358
\TU/RedHatDisplay(0)/m/n/10.95 en-tre straight ap-proaches y cir-cu-lar ap-proac
hes, apli-
 []


Underfull \hbox (badness 10000) in paragraph at lines 2360--2369

 []


Underfull \hbox (badness 6510) in paragraph at lines 2371--2372
\TU/RedHatDisplay(0)/m/n/10.95 del tren de ater-rizaje, es-pe-cial-mente rel-e-v
antes en
 []

ignored error Infinite glue shrinkage found in box being split [71] [72]
Underfull \hbox (badness 3039) in paragraph at lines 2391--2392
[]|\TU/RedHatDisplay(0)/m/n/10.95 El evento se evalúa du-rante \TU/RedHatDispl
ay(0)/m/it/10.95 AP-PROACH \TU/RedHatDisplay(0)/m/n/10.95 y \TU/RedHatDisplay(0
)/m/it/10.95 FIN_AP-
 []


Underfull \hbox (badness 2990) in paragraph at lines 2400--2401
[]\TU/RedHatDisplay(0)/m/n/10.95 El evento aplica úni-ca-mente cuando los \TU/
RedHatDisplay(0)/m/it/10.95 speed
 []


Underfull \hbox (badness 10000) in paragraph at lines 2401--2402
[]\TU/RedHatDisplay(0)/m/n/10.95 La lóg-ica uti-liza \TU/lmtt/m/n/10.95 ALT__AA
E_BARO \TU/RedHatDisplay(0)/m/n/10.95 (en lu-gar de
 []


Underfull \hbox (badness 2529) in paragraph at lines 2401--2402
\TU/lmtt/m/n/10.95 ALT__AAE\TU/RedHatDisplay(0)/m/n/10.95 ) con-forme a la ac-tu
-al-ización in-di-cada
 []

[73]
Underfull \hbox (badness 7186) in paragraph at lines 2424--2425
[]|\TU/RedHatDisplay(0)/m/n/10.95 El evento se evalúa du-rante las fases \TU/R
edHatDisplay(0)/m/it/10.95 AP-PROACH
 []


Underfull \hbox (badness 10000) in paragraph at lines 2424--2425
\TU/RedHatDisplay(0)/m/n/10.95 y \TU/RedHatDisplay(0)/m/it/10.95 FIN_AP-PROACH\
TU/RedHatDisplay(0)/m/n/10.95 . Si el es-tado del parámetro
 []

[74]
Underfull \hbox (badness 1097) in paragraph at lines 2450--2452
[]|\TU/RedHatDisplay(0)/m/n/10.95 El evento evalúa un con-junto de even-tos in-
di-vid-uales
 []

ignored error Infinite glue shrinkage found in box being split [75]
Underfull \hbox (badness 10000) in paragraph at lines 2532--2532
[]|\TU/RedHatDisplay(0)/b/n/10.95 Lóg-ica del loop (condi-
 []


Underfull \hbox (badness 7064) in paragraph at lines 2536--2537
[]\TU/RedHatDisplay(0)/b/n/10.95 Ven-tana de al-ti-tud\TU/RedHatDisplay(0)/m/n/
10.95 : solo se cal-cula \TU/lmtt/m/n/10.95 Diff \TU/RedHatDisplay(0)/m/n/10.95
 si
 []


Underfull \hbox (badness 10000) in paragraph at lines 2544--2544
[]|\TU/RedHatDisplay(0)/b/n/10.95 Lóg-ica del loop (acu-mu-
 []


Underfull \hbox (badness 3471) in paragraph at lines 2546--2547
[]\TU/RedHatDisplay(0)/b/n/10.95 Máx-imo ob-ser-vado\TU/RedHatDisplay(0)/m/n/1
0.95 : si \TU/lmtt/m/n/10.95 Diff > AAF_Diff\TU/RedHatDisplay(0)/m/n/10.95 , en-

 []


Underfull \hbox (badness 10000) in paragraph at lines 2557--2558
[]\TU/lmtt/m/n/10.95 AAF_Diff \TU/RedHatDisplay(0)/m/n/10.95 sirve como in-di-ca
dor agre-gado
 []


Underfull \hbox (badness 4621) in paragraph at lines 2557--2558
\TU/RedHatDisplay(0)/m/n/10.95 (peak/max) de dis-crep-an-cia den-tro de la fase
 []

ignored error Infinite glue shrinkage found in box being split [76]
ignored error Infinite glue shrinkage found in box being split [77]
Underfull \hbox (badness 1688) in paragraph at lines 2573--2574
[]\TU/lmtt/m/n/10.95 ALT_BARO\TU/RedHatDisplay(0)/m/n/10.95 : Al-ti-tud barom
étrica in-stan-tánea de la
 []


Underfull \hbox (badness 6316) in paragraph at lines 2576--2577
[]\TU/lmtt/m/n/10.95 TRAJ_RWY_ELEV\TU/RedHatDisplay(0)/m/n/10.95 : El-e-vación de pista aso-ci-ada a
 []


Underfull \hbox (badness 10000) in paragraph at lines 2577--2578
[]\TU/lmtt/m/n/10.95 SYS_NEXT_ICAO_NAME\TU/RedHatDisplay(0)/m/n/10.95 : Aerop-ue
rto des-tino pre-
 []


Underfull \hbox (badness 4699) in paragraph at lines 2584--2585
[]\TU/lmtt/m/n/10.95 SYS_DEST_ELEV\TU/RedHatDisplay(0)/m/n/10.95 : El-e-vación de pista aso-ci-ada al
 []


Underfull \hbox (badness 1939) in paragraph at lines 2585--2586
[]\TU/lmtt/m/n/10.95 SYS_APP_ELEV\TU/RedHatDisplay(0)/m/n/10.95 : El-e-vación 
de pista aso-ci-ada a la
 []


Underfull \hbox (badness 2521) in paragraph at lines 2605--2605
[]|\TU/RedHatDisplay(0)/b/n/10.95 Se-lec-ción de el-e-vación de
 []


Underfull \hbox (badness 10000) in paragraph at lines 2609--2610
[]\TU/RedHatDisplay(0)/m/n/10.95 El-e-vación aso-ci-ada al próx-imo \TU/RedHa
tDisplay(0)/m/it/10.95 go-around
 []


Underfull \hbox (badness 10000) in paragraph at lines 2610--2611
[]\TU/RedHatDisplay(0)/m/n/10.95 El-e-vación aso-ci-ada al des-tino
 []


Underfull \hbox (badness 10000) in paragraph at lines 2624--2624
[]|\TU/RedHatDisplay(0)/b/n/10.95 Pro-tec-ciones y sal-va-
 []


Underfull \hbox (badness 5592) in paragraph at lines 2626--2627
[]\TU/RedHatDisplay(0)/m/n/10.95 Si \TU/lmtt/m/n/10.95 ALT__AAE < 50\TU/RedHatD
isplay(0)/m/n/10.95 , se fuerza \TU/lmtt/m/n/10.95 ALT__AAE_BARO =
 []


Underfull \hbox (badness 5985) in paragraph at lines 2626--2627
\TU/lmtt/m/n/10.95 ALT__AAE \TU/RedHatDisplay(0)/m/n/10.95 para evi-tar in-con-s
is-ten-cias cerca del
 []


Underfull \hbox (badness 10000) in paragraph at lines 2628--2629
[]\TU/RedHatDisplay(0)/m/n/10.95 Si no hay el-e-va-ciones vál-i-das disponibles
,
 []


Underfull \hbox (badness 2781) in paragraph at lines 2632--2632
[]|\TU/RedHatDisplay(0)/b/n/10.95 Com-por-tamiento fuera de
 []

ignored error Infinite glue shrinkage found in box being split [78]
ignored error Infinite glue shrinkage found in box being split [79] [80]
(./main.aux)
 ***********
LaTeX2e <2025-11-01>
L3 programming layer <2025-12-24>
 ***********
Package rerunfilecheck Info: File `main.out' has not changed.
(rerunfilecheck)             Checksum: 2ADF5CC40D1E801C237F39D08545493F;25170.
Package logreq Info: Writing requests to 'main.run.xml'.

\openout1 = main.run.xml
)

Here is how much of LuaTeX's memory you used:
 24983 strings out of 476081
 125165,1648299 words of node,token memory allocated
 627 words of node memory still in use:
   6 hlist, 2 vlist, 2 rule, 4 glue, 4 kern, 1 glyph, 12 attribute, 73 glue_spec
, 12 attribute_list, 1 write nodes
   avail lists: 2:1044,3:444,4:348,5:1362,6:141,7:7573,8:20,9:768,10:19,11:516
 46841 multiletter control sequences out of 65536+600000
 78 fonts using 5125407 bytes
 72i,13n,92p,717b,1069s stack positions out of 10000i,1000n,20000p,200000b,200000s
<c:/users/jpmartinez/appdata/local/programs/miktex/fonts/opentype/public/lm/lmmo
no10-regular.otf><C:/Users/jpmartinez/AppData/Local/Microsoft/Windows/Fonts/redh
atdisplay-italic.ttf><C:/Users/jpmartinez/AppData/Local/Microsoft/Windows/Fonts/
redhatdisplay-bold.ttf><C:/Users/jpmartinez/AppData/Local/Microsoft/Windows/Font
s/redhatdisplay-regular.ttf><C:/Users/jpmartinez/AppData/Local/Programs/MiKTeX/f
onts/type1/public/amsfonts/cm/cmmi10.pfb><C:/Users/jpmartinez/AppData/Local/Prog
rams/MiKTeX/fonts/type1/public/amsfonts/cm/cmr10.pfb><C:/Users/jpmartinez/AppDat
a/Local/Programs/MiKTeX/fonts/type1/public/amsfonts/cm/cmsy10.pfb><C:/Users/jpma
rtinez/AppData/Local/Programs/MiKTeX/fonts/type1/public/amsfonts/cm/cmsy8.pfb>
Output written on main.pdf (80 pages, 416358 bytes).

PDF statistics: 928 PDF objects out of 1000 (max. 8388607)
 214 named destinations out of 1000 (max. 1048576)
 801 words of extra memory for PDF output out of 10000 (max. 100000000)

